2023-09-10T02:39:08.217Z [Modules] Modules initializing
2023-09-10T02:39:08.218Z [Modules] Distribution: remote
2023-09-10T02:39:08.218Z [Modules] Host updates: disabled
2023-09-10T02:39:08.218Z [Modules] Module updates: enabled
2023-09-10T02:39:08.219Z [Modules] Module install path: /home/sshep/.config/discord/0.0.29/modules
2023-09-10T02:39:08.219Z [Modules] Module installed file path: /home/sshep/.config/discord/0.0.29/modules/installed.json
2023-09-10T02:39:08.219Z [Modules] Module download path: /home/sshep/.config/discord/0.0.29/modules/pending
2023-09-10T02:39:08.640Z [Modules] Bootstrapping...
2023-09-10T02:39:08.640Z [Modules] Installing discord_desktop_core@0 from /opt/discord/resources/bootstrap/discord_desktop_core.zip
2023-09-10T02:39:08.648Z [Modules] Failed installing discord_desktop_core@0: Error: ENOENT: no such file or directory, open '/opt/discord/resources/bootstrap/discord_desktop_core.zip'
2023-09-10T02:39:08.649Z [Modules] Installing discord_erlpack@0 from /opt/discord/resources/bootstrap/discord_erlpack.zip
2023-09-10T02:39:08.656Z [Modules] Failed installing discord_erlpack@0: Error: ENOENT: no such file or directory, open '/opt/discord/resources/bootstrap/discord_erlpack.zip'
2023-09-10T02:39:08.656Z [Modules] Installing discord_spellcheck@0 from /opt/discord/resources/bootstrap/discord_spellcheck.zip
2023-09-10T02:39:08.664Z [Modules] Failed installing discord_spellcheck@0: Error: ENOENT: no such file or directory, open '/opt/discord/resources/bootstrap/discord_spellcheck.zip'
2023-09-10T02:39:08.665Z [Modules] Installing discord_utils@0 from /opt/discord/resources/bootstrap/discord_utils.zip
2023-09-10T02:39:08.669Z [Modules] Failed installing discord_utils@0: Error: ENOENT: no such file or directory, open '/opt/discord/resources/bootstrap/discord_utils.zip'
2023-09-10T02:39:08.670Z [Modules] Installing discord_voice@0 from /opt/discord/resources/bootstrap/discord_voice.zip
2023-09-10T02:39:08.672Z [Modules] Failed installing discord_voice@0: Error: ENOENT: no such file or directory, open '/opt/discord/resources/bootstrap/discord_voice.zip'
2023-09-10T02:39:08.673Z [Modules] Finished module installations. [success: 0] [failure: 5]
2023-09-10T02:39:08.673Z [Modules] Host is up to date.
2023-09-10T02:39:08.674Z [Modules] Checking for module updates at https://discord.com/api/modules/stable/versions.json
2023-09-10T02:39:08.818Z [Modules] Module update available: discord_desktop_core@2 [installed: 0]
2023-09-10T02:39:08.819Z [Modules] Module update available: discord_erlpack@1 [installed: 0]
2023-09-10T02:39:08.819Z [Modules] Module update available: discord_spellcheck@1 [installed: 0]
2023-09-10T02:39:08.819Z [Modules] Module update available: discord_utils@2 [installed: 0]
2023-09-10T02:39:08.819Z [Modules] Module update available: discord_voice@2 [installed: 0]
2023-09-10T02:39:08.820Z [Modules] Fetching discord_desktop_core@2 from https://discord.com/api/modules/stable/discord_desktop_core/2
2023-09-10T02:39:08.820Z [Modules] Streaming discord_desktop_core@2 to /home/sshep/.config/discord/0.0.29/modules/pending/discord_desktop_core-2.zip
2023-09-10T02:39:09.041Z [Modules] Streaming discord_desktop_core@2 to /home/sshep/.config/discord/0.0.29/modules/pending/discord_desktop_core-2.zip: 2%
2023-09-10T02:39:09.066Z [Modules] Streaming discord_desktop_core@2 to /home/sshep/.config/discord/0.0.29/modules/pending/discord_desktop_core-2.zip: 5%
2023-09-10T02:39:09.073Z [Modules] Streaming discord_desktop_core@2 to /home/sshep/.config/discord/0.0.29/modules/pending/discord_desktop_core-2.zip: 6%
2023-09-10T02:39:09.082Z [Modules] Streaming discord_desktop_core@2 to /home/sshep/.config/discord/0.0.29/modules/pending/discord_desktop_core-2.zip: 10%
2023-09-10T02:39:09.085Z [Modules] Streaming discord_desktop_core@2 to /home/sshep/.config/discord/0.0.29/modules/pending/discord_desktop_core-2.zip: 11%
2023-09-10T02:39:09.088Z [Modules] Streaming discord_desktop_core@2 to /home/sshep/.config/discord/0.0.29/modules/pending/discord_desktop_core-2.zip: 12%
2023-09-10T02:39:09.089Z [Modules] Streaming discord_desktop_core@2 to /home/sshep/.config/discord/0.0.29/modules/pending/discord_desktop_core-2.zip: 13%
2023-09-10T02:39:09.092Z [Modules] Streaming discord_desktop_core@2 to /home/sshep/.config/discord/0.0.29/modules/pending/discord_desktop_core-2.zip: 14%
2023-09-10T02:39:09.095Z [Modules] Streaming discord_desktop_core@2 to /home/sshep/.config/discord/0.0.29/modules/pending/discord_desktop_core-2.zip: 16%
2023-09-10T02:39:09.097Z [Modules] Streaming discord_desktop_core@2 to /home/sshep/.config/discord/0.0.29/modules/pending/discord_desktop_core-2.zip: 17%
2023-09-10T02:39:09.101Z [Modules] Streaming discord_desktop_core@2 to /home/sshep/.config/discord/0.0.29/modules/pending/discord_desktop_core-2.zip: 18%
2023-09-10T02:39:09.105Z [Modules] Streaming discord_desktop_core@2 to /home/sshep/.config/discord/0.0.29/modules/pending/discord_desktop_core-2.zip: 20%
2023-09-10T02:39:09.108Z [Modules] Streaming discord_desktop_core@2 to /home/sshep/.config/discord/0.0.29/modules/pending/discord_desktop_core-2.zip: 22%
2023-09-10T02:39:09.109Z [Modules] Streaming discord_desktop_core@2 to /home/sshep/.config/discord/0.0.29/modules/pending/discord_desktop_core-2.zip: 23%
2023-09-10T02:39:09.112Z [Modules] Streaming discord_desktop_core@2 to /home/sshep/.config/discord/0.0.29/modules/pending/discord_desktop_core-2.zip: 24%
2023-09-10T02:39:09.113Z [Modules] Streaming discord_desktop_core@2 to /home/sshep/.config/discord/0.0.29/modules/pending/discord_desktop_core-2.zip: 25%
2023-09-10T02:39:09.116Z [Modules] Streaming discord_desktop_core@2 to /home/sshep/.config/discord/0.0.29/modules/pending/discord_desktop_core-2.zip: 27%
2023-09-10T02:39:09.120Z [Modules] Streaming discord_desktop_core@2 to /home/sshep/.config/discord/0.0.29/modules/pending/discord_desktop_core-2.zip: 29%
2023-09-10T02:39:09.123Z [Modules] Streaming discord_desktop_core@2 to /home/sshep/.config/discord/0.0.29/modules/pending/discord_desktop_core-2.zip: 31%
2023-09-10T02:39:09.127Z [Modules] Streaming discord_desktop_core@2 to /home/sshep/.config/discord/0.0.29/modules/pending/discord_desktop_core-2.zip: 33%
2023-09-10T02:39:09.129Z [Modules] Streaming discord_desktop_core@2 to /home/sshep/.config/discord/0.0.29/modules/pending/discord_desktop_core-2.zip: 34%
2023-09-10T02:39:09.132Z [Modules] Streaming discord_desktop_core@2 to /home/sshep/.config/discord/0.0.29/modules/pending/discord_desktop_core-2.zip: 35%
2023-09-10T02:39:09.133Z [Modules] Streaming discord_desktop_core@2 to /home/sshep/.config/discord/0.0.29/modules/pending/discord_desktop_core-2.zip: 36%
2023-09-10T02:39:09.136Z [Modules] Streaming discord_desktop_core@2 to /home/sshep/.config/discord/0.0.29/modules/pending/discord_desktop_core-2.zip: 38%
2023-09-10T02:39:09.140Z [Modules] Streaming discord_desktop_core@2 to /home/sshep/.config/discord/0.0.29/modules/pending/discord_desktop_core-2.zip: 40%
2023-09-10T02:39:09.141Z [Modules] Streaming discord_desktop_core@2 to /home/sshep/.config/discord/0.0.29/modules/pending/discord_desktop_core-2.zip: 41%
2023-09-10T02:39:09.144Z [Modules] Streaming discord_desktop_core@2 to /home/sshep/.config/discord/0.0.29/modules/pending/discord_desktop_core-2.zip: 42%
2023-09-10T02:39:09.147Z [Modules] Streaming discord_desktop_core@2 to /home/sshep/.config/discord/0.0.29/modules/pending/discord_desktop_core-2.zip: 44%
2023-09-10T02:39:09.148Z [Modules] Streaming discord_desktop_core@2 to /home/sshep/.config/discord/0.0.29/modules/pending/discord_desktop_core-2.zip: 45%
2023-09-10T02:39:09.153Z [Modules] Streaming discord_desktop_core@2 to /home/sshep/.config/discord/0.0.29/modules/pending/discord_desktop_core-2.zip: 47%
2023-09-10T02:39:09.155Z [Modules] Streaming discord_desktop_core@2 to /home/sshep/.config/discord/0.0.29/modules/pending/discord_desktop_core-2.zip: 48%
2023-09-10T02:39:09.157Z [Modules] Streaming discord_desktop_core@2 to /home/sshep/.config/discord/0.0.29/modules/pending/discord_desktop_core-2.zip: 49%
2023-09-10T02:39:09.158Z [Modules] Streaming discord_desktop_core@2 to /home/sshep/.config/discord/0.0.29/modules/pending/discord_desktop_core-2.zip: 50%
2023-09-10T02:39:09.160Z [Modules] Streaming discord_desktop_core@2 to /home/sshep/.config/discord/0.0.29/modules/pending/discord_desktop_core-2.zip: 51%
2023-09-10T02:39:09.164Z [Modules] Streaming discord_desktop_core@2 to /home/sshep/.config/discord/0.0.29/modules/pending/discord_desktop_core-2.zip: 53%
2023-09-10T02:39:09.166Z [Modules] Streaming discord_desktop_core@2 to /home/sshep/.config/discord/0.0.29/modules/pending/discord_desktop_core-2.zip: 54%
2023-09-10T02:39:09.167Z [Modules] Streaming discord_desktop_core@2 to /home/sshep/.config/discord/0.0.29/modules/pending/discord_desktop_core-2.zip: 55%
2023-09-10T02:39:09.171Z [Modules] Streaming discord_desktop_core@2 to /home/sshep/.config/discord/0.0.29/modules/pending/discord_desktop_core-2.zip: 57%
2023-09-10T02:39:09.172Z [Modules] Streaming discord_desktop_core@2 to /home/sshep/.config/discord/0.0.29/modules/pending/discord_desktop_core-2.zip: 58%
2023-09-10T02:39:09.175Z [Modules] Streaming discord_desktop_core@2 to /home/sshep/.config/discord/0.0.29/modules/pending/discord_desktop_core-2.zip: 59%
2023-09-10T02:39:09.176Z [Modules] Streaming discord_desktop_core@2 to /home/sshep/.config/discord/0.0.29/modules/pending/discord_desktop_core-2.zip: 60%
2023-09-10T02:39:09.179Z [Modules] Streaming discord_desktop_core@2 to /home/sshep/.config/discord/0.0.29/modules/pending/discord_desktop_core-2.zip: 62%
2023-09-10T02:39:09.182Z [Modules] Streaming discord_desktop_core@2 to /home/sshep/.config/discord/0.0.29/modules/pending/discord_desktop_core-2.zip: 63%
2023-09-10T02:39:09.185Z [Modules] Streaming discord_desktop_core@2 to /home/sshep/.config/discord/0.0.29/modules/pending/discord_desktop_core-2.zip: 65%
2023-09-10T02:39:09.186Z [Modules] Streaming discord_desktop_core@2 to /home/sshep/.config/discord/0.0.29/modules/pending/discord_desktop_core-2.zip: 66%
2023-09-10T02:39:09.189Z [Modules] Streaming discord_desktop_core@2 to /home/sshep/.config/discord/0.0.29/modules/pending/discord_desktop_core-2.zip: 67%
2023-09-10T02:39:09.190Z [Modules] Streaming discord_desktop_core@2 to /home/sshep/.config/discord/0.0.29/modules/pending/discord_desktop_core-2.zip: 68%
2023-09-10T02:39:09.193Z [Modules] Streaming discord_desktop_core@2 to /home/sshep/.config/discord/0.0.29/modules/pending/discord_desktop_core-2.zip: 69%
2023-09-10T02:39:09.194Z [Modules] Streaming discord_desktop_core@2 to /home/sshep/.config/discord/0.0.29/modules/pending/discord_desktop_core-2.zip: 70%
2023-09-10T02:39:09.197Z [Modules] Streaming discord_desktop_core@2 to /home/sshep/.config/discord/0.0.29/modules/pending/discord_desktop_core-2.zip: 72%
2023-09-10T02:39:09.199Z [Modules] Streaming discord_desktop_core@2 to /home/sshep/.config/discord/0.0.29/modules/pending/discord_desktop_core-2.zip: 73%
2023-09-10T02:39:09.201Z [Modules] Streaming discord_desktop_core@2 to /home/sshep/.config/discord/0.0.29/modules/pending/discord_desktop_core-2.zip: 74%
2023-09-10T02:39:09.203Z [Modules] Streaming discord_desktop_core@2 to /home/sshep/.config/discord/0.0.29/modules/pending/discord_desktop_core-2.zip: 75%
2023-09-10T02:39:09.206Z [Modules] Streaming discord_desktop_core@2 to /home/sshep/.config/discord/0.0.29/modules/pending/discord_desktop_core-2.zip: 76%
2023-09-10T02:39:09.207Z [Modules] Streaming discord_desktop_core@2 to /home/sshep/.config/discord/0.0.29/modules/pending/discord_desktop_core-2.zip: 77%
2023-09-10T02:39:09.208Z [Modules] Streaming discord_desktop_core@2 to /home/sshep/.config/discord/0.0.29/modules/pending/discord_desktop_core-2.zip: 78%
2023-09-10T02:39:09.211Z [Modules] Streaming discord_desktop_core@2 to /home/sshep/.config/discord/0.0.29/modules/pending/discord_desktop_core-2.zip: 80%
2023-09-10T02:39:09.214Z [Modules] Streaming discord_desktop_core@2 to /home/sshep/.config/discord/0.0.29/modules/pending/discord_desktop_core-2.zip: 81%
2023-09-10T02:39:09.217Z [Modules] Streaming discord_desktop_core@2 to /home/sshep/.config/discord/0.0.29/modules/pending/discord_desktop_core-2.zip: 83%
2023-09-10T02:39:09.221Z [Modules] Streaming discord_desktop_core@2 to /home/sshep/.config/discord/0.0.29/modules/pending/discord_desktop_core-2.zip: 85%
2023-09-10T02:39:09.222Z [Modules] Streaming discord_desktop_core@2 to /home/sshep/.config/discord/0.0.29/modules/pending/discord_desktop_core-2.zip: 86%
2023-09-10T02:39:09.225Z [Modules] Streaming discord_desktop_core@2 to /home/sshep/.config/discord/0.0.29/modules/pending/discord_desktop_core-2.zip: 87%
2023-09-10T02:39:09.227Z [Modules] Streaming discord_desktop_core@2 to /home/sshep/.config/discord/0.0.29/modules/pending/discord_desktop_core-2.zip: 88%
2023-09-10T02:39:09.229Z [Modules] Streaming discord_desktop_core@2 to /home/sshep/.config/discord/0.0.29/modules/pending/discord_desktop_core-2.zip: 90%
2023-09-10T02:39:09.233Z [Modules] Streaming discord_desktop_core@2 to /home/sshep/.config/discord/0.0.29/modules/pending/discord_desktop_core-2.zip: 92%
2023-09-10T02:39:09.235Z [Modules] Streaming discord_desktop_core@2 to /home/sshep/.config/discord/0.0.29/modules/pending/discord_desktop_core-2.zip: 93%
2023-09-10T02:39:09.236Z [Modules] Streaming discord_desktop_core@2 to /home/sshep/.config/discord/0.0.29/modules/pending/discord_desktop_core-2.zip: 94%
2023-09-10T02:39:09.241Z [Modules] Streaming discord_desktop_core@2 to /home/sshep/.config/discord/0.0.29/modules/pending/discord_desktop_core-2.zip: 96%
2023-09-10T02:39:09.242Z [Modules] Streaming discord_desktop_core@2 to /home/sshep/.config/discord/0.0.29/modules/pending/discord_desktop_core-2.zip: 97%
2023-09-10T02:39:09.245Z [Modules] Streaming discord_desktop_core@2 to /home/sshep/.config/discord/0.0.29/modules/pending/discord_desktop_core-2.zip: 98%
2023-09-10T02:39:09.246Z [Modules] Streaming discord_desktop_core@2 to /home/sshep/.config/discord/0.0.29/modules/pending/discord_desktop_core-2.zip: 99%
2023-09-10T02:39:09.247Z [Modules] Streaming discord_desktop_core@2 to /home/sshep/.config/discord/0.0.29/modules/pending/discord_desktop_core-2.zip: 100%
2023-09-10T02:39:09.250Z [Modules] Fetching discord_erlpack@1 from https://discord.com/api/modules/stable/discord_erlpack/1
2023-09-10T02:39:09.250Z [Modules] Streaming discord_erlpack@1 to /home/sshep/.config/discord/0.0.29/modules/pending/discord_erlpack-1.zip
2023-09-10T02:39:09.343Z [Modules] Streaming discord_erlpack@1 to /home/sshep/.config/discord/0.0.29/modules/pending/discord_erlpack-1.zip: 1%
2023-09-10T02:39:09.345Z [Modules] Streaming discord_erlpack@1 to /home/sshep/.config/discord/0.0.29/modules/pending/discord_erlpack-1.zip: 2%
2023-09-10T02:39:09.348Z [Modules] Streaming discord_erlpack@1 to /home/sshep/.config/discord/0.0.29/modules/pending/discord_erlpack-1.zip: 4%
2023-09-10T02:39:09.349Z [Modules] Streaming discord_erlpack@1 to /home/sshep/.config/discord/0.0.29/modules/pending/discord_erlpack-1.zip: 5%
2023-09-10T02:39:09.352Z [Modules] Streaming discord_erlpack@1 to /home/sshep/.config/discord/0.0.29/modules/pending/discord_erlpack-1.zip: 6%
2023-09-10T02:39:09.353Z [Modules] Streaming discord_erlpack@1 to /home/sshep/.config/discord/0.0.29/modules/pending/discord_erlpack-1.zip: 7%
2023-09-10T02:39:09.355Z [Modules] Streaming discord_erlpack@1 to /home/sshep/.config/discord/0.0.29/modules/pending/discord_erlpack-1.zip: 8%
2023-09-10T02:39:09.356Z [Modules] Streaming discord_erlpack@1 to /home/sshep/.config/discord/0.0.29/modules/pending/discord_erlpack-1.zip: 9%
2023-09-10T02:39:09.357Z [Modules] Streaming discord_erlpack@1 to /home/sshep/.config/discord/0.0.29/modules/pending/discord_erlpack-1.zip: 10%
2023-09-10T02:39:09.360Z [Modules] Streaming discord_erlpack@1 to /home/sshep/.config/discord/0.0.29/modules/pending/discord_erlpack-1.zip: 11%
2023-09-10T02:39:09.362Z [Modules] Streaming discord_erlpack@1 to /home/sshep/.config/discord/0.0.29/modules/pending/discord_erlpack-1.zip: 12%
2023-09-10T02:39:09.363Z [Modules] Streaming discord_erlpack@1 to /home/sshep/.config/discord/0.0.29/modules/pending/discord_erlpack-1.zip: 13%
2023-09-10T02:39:09.364Z [Modules] Streaming discord_erlpack@1 to /home/sshep/.config/discord/0.0.29/modules/pending/discord_erlpack-1.zip: 14%
2023-09-10T02:39:09.366Z [Modules] Streaming discord_erlpack@1 to /home/sshep/.config/discord/0.0.29/modules/pending/discord_erlpack-1.zip: 15%
2023-09-10T02:39:09.367Z [Modules] Streaming discord_erlpack@1 to /home/sshep/.config/discord/0.0.29/modules/pending/discord_erlpack-1.zip: 16%
2023-09-10T02:39:09.369Z [Modules] Streaming discord_erlpack@1 to /home/sshep/.config/discord/0.0.29/modules/pending/discord_erlpack-1.zip: 17%
2023-09-10T02:39:09.372Z [Modules] Streaming discord_erlpack@1 to /home/sshep/.config/discord/0.0.29/modules/pending/discord_erlpack-1.zip: 18%
2023-09-10T02:39:09.373Z [Modules] Streaming discord_erlpack@1 to /home/sshep/.config/discord/0.0.29/modules/pending/discord_erlpack-1.zip: 19%
2023-09-10T02:39:09.375Z [Modules] Streaming discord_erlpack@1 to /home/sshep/.config/discord/0.0.29/modules/pending/discord_erlpack-1.zip: 20%
2023-09-10T02:39:09.376Z [Modules] Streaming discord_erlpack@1 to /home/sshep/.config/discord/0.0.29/modules/pending/discord_erlpack-1.zip: 21%
2023-09-10T02:39:09.380Z [Modules] Streaming discord_erlpack@1 to /home/sshep/.config/discord/0.0.29/modules/pending/discord_erlpack-1.zip: 23%
2023-09-10T02:39:09.381Z [Modules] Streaming discord_erlpack@1 to /home/sshep/.config/discord/0.0.29/modules/pending/discord_erlpack-1.zip: 24%
2023-09-10T02:39:09.383Z [Modules] Streaming discord_erlpack@1 to /home/sshep/.config/discord/0.0.29/modules/pending/discord_erlpack-1.zip: 25%
2023-09-10T02:39:09.384Z [Modules] Streaming discord_erlpack@1 to /home/sshep/.config/discord/0.0.29/modules/pending/discord_erlpack-1.zip: 26%
2023-09-10T02:39:09.387Z [Modules] Streaming discord_erlpack@1 to /home/sshep/.config/discord/0.0.29/modules/pending/discord_erlpack-1.zip: 28%
2023-09-10T02:39:09.433Z [Modules] Streaming discord_erlpack@1 to /home/sshep/.config/discord/0.0.29/modules/pending/discord_erlpack-1.zip: 29%
2023-09-10T02:39:09.434Z [Modules] Streaming discord_erlpack@1 to /home/sshep/.config/discord/0.0.29/modules/pending/discord_erlpack-1.zip: 32%
2023-09-10T02:39:09.435Z [Modules] Streaming discord_erlpack@1 to /home/sshep/.config/discord/0.0.29/modules/pending/discord_erlpack-1.zip: 33%
2023-09-10T02:39:09.436Z [Modules] Streaming discord_erlpack@1 to /home/sshep/.config/discord/0.0.29/modules/pending/discord_erlpack-1.zip: 36%
2023-09-10T02:39:09.437Z [Modules] Streaming discord_erlpack@1 to /home/sshep/.config/discord/0.0.29/modules/pending/discord_erlpack-1.zip: 43%
2023-09-10T02:39:09.439Z [Modules] Streaming discord_erlpack@1 to /home/sshep/.config/discord/0.0.29/modules/pending/discord_erlpack-1.zip: 50%
2023-09-10T02:39:09.440Z [Modules] Streaming discord_erlpack@1 to /home/sshep/.config/discord/0.0.29/modules/pending/discord_erlpack-1.zip: 57%
2023-09-10T02:39:09.440Z [Modules] Streaming discord_erlpack@1 to /home/sshep/.config/discord/0.0.29/modules/pending/discord_erlpack-1.zip: 61%
2023-09-10T02:39:09.442Z [Modules] Streaming discord_erlpack@1 to /home/sshep/.config/discord/0.0.29/modules/pending/discord_erlpack-1.zip: 62%
2023-09-10T02:39:09.445Z [Modules] Streaming discord_erlpack@1 to /home/sshep/.config/discord/0.0.29/modules/pending/discord_erlpack-1.zip: 64%
2023-09-10T02:39:09.449Z [Modules] Streaming discord_erlpack@1 to /home/sshep/.config/discord/0.0.29/modules/pending/discord_erlpack-1.zip: 66%
2023-09-10T02:39:09.451Z [Modules] Streaming discord_erlpack@1 to /home/sshep/.config/discord/0.0.29/modules/pending/discord_erlpack-1.zip: 67%
2023-09-10T02:39:09.454Z [Modules] Streaming discord_erlpack@1 to /home/sshep/.config/discord/0.0.29/modules/pending/discord_erlpack-1.zip: 69%
2023-09-10T02:39:09.455Z [Modules] Streaming discord_erlpack@1 to /home/sshep/.config/discord/0.0.29/modules/pending/discord_erlpack-1.zip: 70%
2023-09-10T02:39:09.458Z [Modules] Streaming discord_erlpack@1 to /home/sshep/.config/discord/0.0.29/modules/pending/discord_erlpack-1.zip: 71%
2023-09-10T02:39:09.459Z [Modules] Streaming discord_erlpack@1 to /home/sshep/.config/discord/0.0.29/modules/pending/discord_erlpack-1.zip: 72%
2023-09-10T02:39:09.462Z [Modules] Streaming discord_erlpack@1 to /home/sshep/.config/discord/0.0.29/modules/pending/discord_erlpack-1.zip: 74%
2023-09-10T02:39:09.463Z [Modules] Streaming discord_erlpack@1 to /home/sshep/.config/discord/0.0.29/modules/pending/discord_erlpack-1.zip: 75%
2023-09-10T02:39:09.466Z [Modules] Streaming discord_erlpack@1 to /home/sshep/.config/discord/0.0.29/modules/pending/discord_erlpack-1.zip: 76%
2023-09-10T02:39:09.468Z [Modules] Streaming discord_erlpack@1 to /home/sshep/.config/discord/0.0.29/modules/pending/discord_erlpack-1.zip: 77%
2023-09-10T02:39:09.469Z [Modules] Streaming discord_erlpack@1 to /home/sshep/.config/discord/0.0.29/modules/pending/discord_erlpack-1.zip: 78%
2023-09-10T02:39:09.473Z [Modules] Streaming discord_erlpack@1 to /home/sshep/.config/discord/0.0.29/modules/pending/discord_erlpack-1.zip: 81%
2023-09-10T02:39:09.475Z [Modules] Streaming discord_erlpack@1 to /home/sshep/.config/discord/0.0.29/modules/pending/discord_erlpack-1.zip: 82%
2023-09-10T02:39:09.477Z [Modules] Streaming discord_erlpack@1 to /home/sshep/.config/discord/0.0.29/modules/pending/discord_erlpack-1.zip: 83%
2023-09-10T02:39:09.481Z [Modules] Streaming discord_erlpack@1 to /home/sshep/.config/discord/0.0.29/modules/pending/discord_erlpack-1.zip: 86%
2023-09-10T02:39:09.483Z [Modules] Streaming discord_erlpack@1 to /home/sshep/.config/discord/0.0.29/modules/pending/discord_erlpack-1.zip: 87%
2023-09-10T02:39:09.484Z [Modules] Streaming discord_erlpack@1 to /home/sshep/.config/discord/0.0.29/modules/pending/discord_erlpack-1.zip: 88%
2023-09-10T02:39:09.490Z [Modules] Streaming discord_erlpack@1 to /home/sshep/.config/discord/0.0.29/modules/pending/discord_erlpack-1.zip: 91%
2023-09-10T02:39:09.491Z [Modules] Streaming discord_erlpack@1 to /home/sshep/.config/discord/0.0.29/modules/pending/discord_erlpack-1.zip: 92%
2023-09-10T02:39:09.493Z [Modules] Streaming discord_erlpack@1 to /home/sshep/.config/discord/0.0.29/modules/pending/discord_erlpack-1.zip: 93%
2023-09-10T02:39:09.494Z [Modules] Streaming discord_erlpack@1 to /home/sshep/.config/discord/0.0.29/modules/pending/discord_erlpack-1.zip: 94%
2023-09-10T02:39:09.498Z [Modules] Streaming discord_erlpack@1 to /home/sshep/.config/discord/0.0.29/modules/pending/discord_erlpack-1.zip: 97%
2023-09-10T02:39:09.501Z [Modules] Streaming discord_erlpack@1 to /home/sshep/.config/discord/0.0.29/modules/pending/discord_erlpack-1.zip: 98%
2023-09-10T02:39:09.503Z [Modules] Streaming discord_erlpack@1 to /home/sshep/.config/discord/0.0.29/modules/pending/discord_erlpack-1.zip: 100%
2023-09-10T02:39:09.504Z [Modules] Fetching discord_spellcheck@1 from https://discord.com/api/modules/stable/discord_spellcheck/1
2023-09-10T02:39:09.504Z [Modules] Streaming discord_spellcheck@1 to /home/sshep/.config/discord/0.0.29/modules/pending/discord_spellcheck-1.zip
2023-09-10T02:39:09.606Z [Modules] Streaming discord_spellcheck@1 to /home/sshep/.config/discord/0.0.29/modules/pending/discord_spellcheck-1.zip: 1%
2023-09-10T02:39:09.614Z [Modules] Streaming discord_spellcheck@1 to /home/sshep/.config/discord/0.0.29/modules/pending/discord_spellcheck-1.zip: 2%
2023-09-10T02:39:09.622Z [Modules] Streaming discord_spellcheck@1 to /home/sshep/.config/discord/0.0.29/modules/pending/discord_spellcheck-1.zip: 3%
2023-09-10T02:39:09.631Z [Modules] Streaming discord_spellcheck@1 to /home/sshep/.config/discord/0.0.29/modules/pending/discord_spellcheck-1.zip: 4%
2023-09-10T02:39:09.639Z [Modules] Streaming discord_spellcheck@1 to /home/sshep/.config/discord/0.0.29/modules/pending/discord_spellcheck-1.zip: 5%
2023-09-10T02:39:09.690Z [Modules] Streaming discord_spellcheck@1 to /home/sshep/.config/discord/0.0.29/modules/pending/discord_spellcheck-1.zip: 6%
2023-09-10T02:39:09.691Z [Modules] Streaming discord_spellcheck@1 to /home/sshep/.config/discord/0.0.29/modules/pending/discord_spellcheck-1.zip: 7%
2023-09-10T02:39:09.691Z [Modules] Streaming discord_spellcheck@1 to /home/sshep/.config/discord/0.0.29/modules/pending/discord_spellcheck-1.zip: 8%
2023-09-10T02:39:09.692Z [Modules] Streaming discord_spellcheck@1 to /home/sshep/.config/discord/0.0.29/modules/pending/discord_spellcheck-1.zip: 9%
2023-09-10T02:39:09.693Z [Modules] Streaming discord_spellcheck@1 to /home/sshep/.config/discord/0.0.29/modules/pending/discord_spellcheck-1.zip: 10%
2023-09-10T02:39:09.695Z [Modules] Streaming discord_spellcheck@1 to /home/sshep/.config/discord/0.0.29/modules/pending/discord_spellcheck-1.zip: 11%
2023-09-10T02:39:09.701Z [Modules] Streaming discord_spellcheck@1 to /home/sshep/.config/discord/0.0.29/modules/pending/discord_spellcheck-1.zip: 12%
2023-09-10T02:39:09.709Z [Modules] Streaming discord_spellcheck@1 to /home/sshep/.config/discord/0.0.29/modules/pending/discord_spellcheck-1.zip: 13%
2023-09-10T02:39:09.719Z [Modules] Streaming discord_spellcheck@1 to /home/sshep/.config/discord/0.0.29/modules/pending/discord_spellcheck-1.zip: 14%
2023-09-10T02:39:09.728Z [Modules] Streaming discord_spellcheck@1 to /home/sshep/.config/discord/0.0.29/modules/pending/discord_spellcheck-1.zip: 15%
2023-09-10T02:39:09.737Z [Modules] Streaming discord_spellcheck@1 to /home/sshep/.config/discord/0.0.29/modules/pending/discord_spellcheck-1.zip: 16%
2023-09-10T02:39:09.744Z [Modules] Streaming discord_spellcheck@1 to /home/sshep/.config/discord/0.0.29/modules/pending/discord_spellcheck-1.zip: 17%
2023-09-10T02:39:09.752Z [Modules] Streaming discord_spellcheck@1 to /home/sshep/.config/discord/0.0.29/modules/pending/discord_spellcheck-1.zip: 18%
2023-09-10T02:39:09.760Z [Modules] Streaming discord_spellcheck@1 to /home/sshep/.config/discord/0.0.29/modules/pending/discord_spellcheck-1.zip: 19%
2023-09-10T02:39:09.769Z [Modules] Streaming discord_spellcheck@1 to /home/sshep/.config/discord/0.0.29/modules/pending/discord_spellcheck-1.zip: 20%
2023-09-10T02:39:09.777Z [Modules] Streaming discord_spellcheck@1 to /home/sshep/.config/discord/0.0.29/modules/pending/discord_spellcheck-1.zip: 21%
2023-09-10T02:39:09.788Z [Modules] Streaming discord_spellcheck@1 to /home/sshep/.config/discord/0.0.29/modules/pending/discord_spellcheck-1.zip: 22%
2023-09-10T02:39:09.797Z [Modules] Streaming discord_spellcheck@1 to /home/sshep/.config/discord/0.0.29/modules/pending/discord_spellcheck-1.zip: 23%
2023-09-10T02:39:09.804Z [Modules] Streaming discord_spellcheck@1 to /home/sshep/.config/discord/0.0.29/modules/pending/discord_spellcheck-1.zip: 24%
2023-09-10T02:39:09.812Z [Modules] Streaming discord_spellcheck@1 to /home/sshep/.config/discord/0.0.29/modules/pending/discord_spellcheck-1.zip: 25%
2023-09-10T02:39:09.821Z [Modules] Streaming discord_spellcheck@1 to /home/sshep/.config/discord/0.0.29/modules/pending/discord_spellcheck-1.zip: 26%
2023-09-10T02:39:09.829Z [Modules] Streaming discord_spellcheck@1 to /home/sshep/.config/discord/0.0.29/modules/pending/discord_spellcheck-1.zip: 27%
2023-09-10T02:39:09.839Z [Modules] Streaming discord_spellcheck@1 to /home/sshep/.config/discord/0.0.29/modules/pending/discord_spellcheck-1.zip: 28%
2023-09-10T02:39:09.847Z [Modules] Streaming discord_spellcheck@1 to /home/sshep/.config/discord/0.0.29/modules/pending/discord_spellcheck-1.zip: 29%
2023-09-10T02:39:09.856Z [Modules] Streaming discord_spellcheck@1 to /home/sshep/.config/discord/0.0.29/modules/pending/discord_spellcheck-1.zip: 30%
2023-09-10T02:39:09.864Z [Modules] Streaming discord_spellcheck@1 to /home/sshep/.config/discord/0.0.29/modules/pending/discord_spellcheck-1.zip: 31%
2023-09-10T02:39:09.872Z [Modules] Streaming discord_spellcheck@1 to /home/sshep/.config/discord/0.0.29/modules/pending/discord_spellcheck-1.zip: 32%
2023-09-10T02:39:09.884Z [Modules] Streaming discord_spellcheck@1 to /home/sshep/.config/discord/0.0.29/modules/pending/discord_spellcheck-1.zip: 33%
2023-09-10T02:39:09.892Z [Modules] Streaming discord_spellcheck@1 to /home/sshep/.config/discord/0.0.29/modules/pending/discord_spellcheck-1.zip: 34%
2023-09-10T02:39:09.900Z [Modules] Streaming discord_spellcheck@1 to /home/sshep/.config/discord/0.0.29/modules/pending/discord_spellcheck-1.zip: 35%
2023-09-10T02:39:09.907Z [Modules] Streaming discord_spellcheck@1 to /home/sshep/.config/discord/0.0.29/modules/pending/discord_spellcheck-1.zip: 36%
2023-09-10T02:39:09.916Z [Modules] Streaming discord_spellcheck@1 to /home/sshep/.config/discord/0.0.29/modules/pending/discord_spellcheck-1.zip: 37%
2023-09-10T02:39:09.925Z [Modules] Streaming discord_spellcheck@1 to /home/sshep/.config/discord/0.0.29/modules/pending/discord_spellcheck-1.zip: 38%
2023-09-10T02:39:09.934Z [Modules] Streaming discord_spellcheck@1 to /home/sshep/.config/discord/0.0.29/modules/pending/discord_spellcheck-1.zip: 39%
2023-09-10T02:39:09.942Z [Modules] Streaming discord_spellcheck@1 to /home/sshep/.config/discord/0.0.29/modules/pending/discord_spellcheck-1.zip: 40%
2023-09-10T02:39:09.953Z [Modules] Streaming discord_spellcheck@1 to /home/sshep/.config/discord/0.0.29/modules/pending/discord_spellcheck-1.zip: 41%
2023-09-10T02:39:09.959Z [Modules] Streaming discord_spellcheck@1 to /home/sshep/.config/discord/0.0.29/modules/pending/discord_spellcheck-1.zip: 42%
2023-09-10T02:39:09.967Z [Modules] Streaming discord_spellcheck@1 to /home/sshep/.config/discord/0.0.29/modules/pending/discord_spellcheck-1.zip: 43%
2023-09-10T02:39:09.979Z [Modules] Streaming discord_spellcheck@1 to /home/sshep/.config/discord/0.0.29/modules/pending/discord_spellcheck-1.zip: 44%
2023-09-10T02:39:09.986Z [Modules] Streaming discord_spellcheck@1 to /home/sshep/.config/discord/0.0.29/modules/pending/discord_spellcheck-1.zip: 45%
2023-09-10T02:39:09.994Z [Modules] Streaming discord_spellcheck@1 to /home/sshep/.config/discord/0.0.29/modules/pending/discord_spellcheck-1.zip: 46%
2023-09-10T02:39:10.002Z [Modules] Streaming discord_spellcheck@1 to /home/sshep/.config/discord/0.0.29/modules/pending/discord_spellcheck-1.zip: 47%
2023-09-10T02:39:10.011Z [Modules] Streaming discord_spellcheck@1 to /home/sshep/.config/discord/0.0.29/modules/pending/discord_spellcheck-1.zip: 48%
2023-09-10T02:39:10.019Z [Modules] Streaming discord_spellcheck@1 to /home/sshep/.config/discord/0.0.29/modules/pending/discord_spellcheck-1.zip: 49%
2023-09-10T02:39:10.032Z [Modules] Streaming discord_spellcheck@1 to /home/sshep/.config/discord/0.0.29/modules/pending/discord_spellcheck-1.zip: 50%
2023-09-10T02:39:10.039Z [Modules] Streaming discord_spellcheck@1 to /home/sshep/.config/discord/0.0.29/modules/pending/discord_spellcheck-1.zip: 51%
2023-09-10T02:39:10.047Z [Modules] Streaming discord_spellcheck@1 to /home/sshep/.config/discord/0.0.29/modules/pending/discord_spellcheck-1.zip: 52%
2023-09-10T02:39:10.055Z [Modules] Streaming discord_spellcheck@1 to /home/sshep/.config/discord/0.0.29/modules/pending/discord_spellcheck-1.zip: 53%
2023-09-10T02:39:10.062Z [Modules] Streaming discord_spellcheck@1 to /home/sshep/.config/discord/0.0.29/modules/pending/discord_spellcheck-1.zip: 54%
2023-09-10T02:39:10.072Z [Modules] Streaming discord_spellcheck@1 to /home/sshep/.config/discord/0.0.29/modules/pending/discord_spellcheck-1.zip: 55%
2023-09-10T02:39:10.080Z [Modules] Streaming discord_spellcheck@1 to /home/sshep/.config/discord/0.0.29/modules/pending/discord_spellcheck-1.zip: 56%
2023-09-10T02:39:10.091Z [Modules] Streaming discord_spellcheck@1 to /home/sshep/.config/discord/0.0.29/modules/pending/discord_spellcheck-1.zip: 57%
2023-09-10T02:39:10.099Z [Modules] Streaming discord_spellcheck@1 to /home/sshep/.config/discord/0.0.29/modules/pending/discord_spellcheck-1.zip: 58%
2023-09-10T02:39:10.107Z [Modules] Streaming discord_spellcheck@1 to /home/sshep/.config/discord/0.0.29/modules/pending/discord_spellcheck-1.zip: 59%
2023-09-10T02:39:10.114Z [Modules] Streaming discord_spellcheck@1 to /home/sshep/.config/discord/0.0.29/modules/pending/discord_spellcheck-1.zip: 60%
2023-09-10T02:39:10.127Z [Modules] Streaming discord_spellcheck@1 to /home/sshep/.config/discord/0.0.29/modules/pending/discord_spellcheck-1.zip: 61%
2023-09-10T02:39:10.132Z [Modules] Streaming discord_spellcheck@1 to /home/sshep/.config/discord/0.0.29/modules/pending/discord_spellcheck-1.zip: 62%
2023-09-10T02:39:10.141Z [Modules] Streaming discord_spellcheck@1 to /home/sshep/.config/discord/0.0.29/modules/pending/discord_spellcheck-1.zip: 63%
2023-09-10T02:39:10.150Z [Modules] Streaming discord_spellcheck@1 to /home/sshep/.config/discord/0.0.29/modules/pending/discord_spellcheck-1.zip: 64%
2023-09-10T02:39:10.157Z [Modules] Streaming discord_spellcheck@1 to /home/sshep/.config/discord/0.0.29/modules/pending/discord_spellcheck-1.zip: 65%
2023-09-10T02:39:10.166Z [Modules] Streaming discord_spellcheck@1 to /home/sshep/.config/discord/0.0.29/modules/pending/discord_spellcheck-1.zip: 66%
2023-09-10T02:39:10.176Z [Modules] Streaming discord_spellcheck@1 to /home/sshep/.config/discord/0.0.29/modules/pending/discord_spellcheck-1.zip: 67%
2023-09-10T02:39:10.184Z [Modules] Streaming discord_spellcheck@1 to /home/sshep/.config/discord/0.0.29/modules/pending/discord_spellcheck-1.zip: 68%
2023-09-10T02:39:10.192Z [Modules] Streaming discord_spellcheck@1 to /home/sshep/.config/discord/0.0.29/modules/pending/discord_spellcheck-1.zip: 69%
2023-09-10T02:39:10.202Z [Modules] Streaming discord_spellcheck@1 to /home/sshep/.config/discord/0.0.29/modules/pending/discord_spellcheck-1.zip: 70%
2023-09-10T02:39:10.209Z [Modules] Streaming discord_spellcheck@1 to /home/sshep/.config/discord/0.0.29/modules/pending/discord_spellcheck-1.zip: 71%
2023-09-10T02:39:10.220Z [Modules] Streaming discord_spellcheck@1 to /home/sshep/.config/discord/0.0.29/modules/pending/discord_spellcheck-1.zip: 72%
2023-09-10T02:39:10.227Z [Modules] Streaming discord_spellcheck@1 to /home/sshep/.config/discord/0.0.29/modules/pending/discord_spellcheck-1.zip: 73%
2023-09-10T02:39:10.236Z [Modules] Streaming discord_spellcheck@1 to /home/sshep/.config/discord/0.0.29/modules/pending/discord_spellcheck-1.zip: 74%
2023-09-10T02:39:10.244Z [Modules] Streaming discord_spellcheck@1 to /home/sshep/.config/discord/0.0.29/modules/pending/discord_spellcheck-1.zip: 75%
2023-09-10T02:39:10.252Z [Modules] Streaming discord_spellcheck@1 to /home/sshep/.config/discord/0.0.29/modules/pending/discord_spellcheck-1.zip: 76%
2023-09-10T02:39:10.261Z [Modules] Streaming discord_spellcheck@1 to /home/sshep/.config/discord/0.0.29/modules/pending/discord_spellcheck-1.zip: 77%
2023-09-10T02:39:10.272Z [Modules] Streaming discord_spellcheck@1 to /home/sshep/.config/discord/0.0.29/modules/pending/discord_spellcheck-1.zip: 78%
2023-09-10T02:39:10.280Z [Modules] Streaming discord_spellcheck@1 to /home/sshep/.config/discord/0.0.29/modules/pending/discord_spellcheck-1.zip: 79%
2023-09-10T02:39:10.287Z [Modules] Streaming discord_spellcheck@1 to /home/sshep/.config/discord/0.0.29/modules/pending/discord_spellcheck-1.zip: 80%
2023-09-10T02:39:10.296Z [Modules] Streaming discord_spellcheck@1 to /home/sshep/.config/discord/0.0.29/modules/pending/discord_spellcheck-1.zip: 81%
2023-09-10T02:39:10.304Z [Modules] Streaming discord_spellcheck@1 to /home/sshep/.config/discord/0.0.29/modules/pending/discord_spellcheck-1.zip: 82%
2023-09-10T02:39:10.314Z [Modules] Streaming discord_spellcheck@1 to /home/sshep/.config/discord/0.0.29/modules/pending/discord_spellcheck-1.zip: 83%
2023-09-10T02:39:10.324Z [Modules] Streaming discord_spellcheck@1 to /home/sshep/.config/discord/0.0.29/modules/pending/discord_spellcheck-1.zip: 84%
2023-09-10T02:39:10.332Z [Modules] Streaming discord_spellcheck@1 to /home/sshep/.config/discord/0.0.29/modules/pending/discord_spellcheck-1.zip: 85%
2023-09-10T02:39:10.339Z [Modules] Streaming discord_spellcheck@1 to /home/sshep/.config/discord/0.0.29/modules/pending/discord_spellcheck-1.zip: 86%
2023-09-10T02:39:10.347Z [Modules] Streaming discord_spellcheck@1 to /home/sshep/.config/discord/0.0.29/modules/pending/discord_spellcheck-1.zip: 87%
2023-09-10T02:39:10.356Z [Modules] Streaming discord_spellcheck@1 to /home/sshep/.config/discord/0.0.29/modules/pending/discord_spellcheck-1.zip: 88%
2023-09-10T02:39:10.365Z [Modules] Streaming discord_spellcheck@1 to /home/sshep/.config/discord/0.0.29/modules/pending/discord_spellcheck-1.zip: 89%
2023-09-10T02:39:10.375Z [Modules] Streaming discord_spellcheck@1 to /home/sshep/.config/discord/0.0.29/modules/pending/discord_spellcheck-1.zip: 90%
2023-09-10T02:39:10.382Z [Modules] Streaming discord_spellcheck@1 to /home/sshep/.config/discord/0.0.29/modules/pending/discord_spellcheck-1.zip: 91%
2023-09-10T02:39:10.391Z [Modules] Streaming discord_spellcheck@1 to /home/sshep/.config/discord/0.0.29/modules/pending/discord_spellcheck-1.zip: 92%
2023-09-10T02:39:10.399Z [Modules] Streaming discord_spellcheck@1 to /home/sshep/.config/discord/0.0.29/modules/pending/discord_spellcheck-1.zip: 93%
2023-09-10T02:39:10.409Z [Modules] Streaming discord_spellcheck@1 to /home/sshep/.config/discord/0.0.29/modules/pending/discord_spellcheck-1.zip: 94%
2023-09-10T02:39:10.417Z [Modules] Streaming discord_spellcheck@1 to /home/sshep/.config/discord/0.0.29/modules/pending/discord_spellcheck-1.zip: 95%
2023-09-10T02:39:10.427Z [Modules] Streaming discord_spellcheck@1 to /home/sshep/.config/discord/0.0.29/modules/pending/discord_spellcheck-1.zip: 96%
2023-09-10T02:39:10.434Z [Modules] Streaming discord_spellcheck@1 to /home/sshep/.config/discord/0.0.29/modules/pending/discord_spellcheck-1.zip: 97%
2023-09-10T02:39:10.442Z [Modules] Streaming discord_spellcheck@1 to /home/sshep/.config/discord/0.0.29/modules/pending/discord_spellcheck-1.zip: 98%
2023-09-10T02:39:10.451Z [Modules] Streaming discord_spellcheck@1 to /home/sshep/.config/discord/0.0.29/modules/pending/discord_spellcheck-1.zip: 99%
2023-09-10T02:39:10.458Z [Modules] Streaming discord_spellcheck@1 to /home/sshep/.config/discord/0.0.29/modules/pending/discord_spellcheck-1.zip: 100%
2023-09-10T02:39:10.461Z [Modules] Fetching discord_utils@2 from https://discord.com/api/modules/stable/discord_utils/2
2023-09-10T02:39:10.461Z [Modules] Streaming discord_utils@2 to /home/sshep/.config/discord/0.0.29/modules/pending/discord_utils-2.zip
2023-09-10T02:39:10.557Z [Modules] Streaming discord_utils@2 to /home/sshep/.config/discord/0.0.29/modules/pending/discord_utils-2.zip: 1%
2023-09-10T02:39:10.559Z [Modules] Streaming discord_utils@2 to /home/sshep/.config/discord/0.0.29/modules/pending/discord_utils-2.zip: 2%
2023-09-10T02:39:10.562Z [Modules] Streaming discord_utils@2 to /home/sshep/.config/discord/0.0.29/modules/pending/discord_utils-2.zip: 3%
2023-09-10T02:39:10.568Z [Modules] Streaming discord_utils@2 to /home/sshep/.config/discord/0.0.29/modules/pending/discord_utils-2.zip: 4%
2023-09-10T02:39:10.571Z [Modules] Streaming discord_utils@2 to /home/sshep/.config/discord/0.0.29/modules/pending/discord_utils-2.zip: 5%
2023-09-10T02:39:10.572Z [Modules] Streaming discord_utils@2 to /home/sshep/.config/discord/0.0.29/modules/pending/discord_utils-2.zip: 6%
2023-09-10T02:39:10.576Z [Modules] Streaming discord_utils@2 to /home/sshep/.config/discord/0.0.29/modules/pending/discord_utils-2.zip: 7%
2023-09-10T02:39:10.577Z [Modules] Streaming discord_utils@2 to /home/sshep/.config/discord/0.0.29/modules/pending/discord_utils-2.zip: 8%
2023-09-10T02:39:10.580Z [Modules] Streaming discord_utils@2 to /home/sshep/.config/discord/0.0.29/modules/pending/discord_utils-2.zip: 9%
2023-09-10T02:39:10.584Z [Modules] Streaming discord_utils@2 to /home/sshep/.config/discord/0.0.29/modules/pending/discord_utils-2.zip: 10%
2023-09-10T02:39:10.587Z [Modules] Streaming discord_utils@2 to /home/sshep/.config/discord/0.0.29/modules/pending/discord_utils-2.zip: 11%
2023-09-10T02:39:10.590Z [Modules] Streaming discord_utils@2 to /home/sshep/.config/discord/0.0.29/modules/pending/discord_utils-2.zip: 12%
2023-09-10T02:39:10.592Z [Modules] Streaming discord_utils@2 to /home/sshep/.config/discord/0.0.29/modules/pending/discord_utils-2.zip: 13%
2023-09-10T02:39:10.595Z [Modules] Streaming discord_utils@2 to /home/sshep/.config/discord/0.0.29/modules/pending/discord_utils-2.zip: 14%
2023-09-10T02:39:10.645Z [Modules] Streaming discord_utils@2 to /home/sshep/.config/discord/0.0.29/modules/pending/discord_utils-2.zip: 15%
2023-09-10T02:39:10.649Z [Modules] Streaming discord_utils@2 to /home/sshep/.config/discord/0.0.29/modules/pending/discord_utils-2.zip: 17%
2023-09-10T02:39:10.650Z [Modules] Streaming discord_utils@2 to /home/sshep/.config/discord/0.0.29/modules/pending/discord_utils-2.zip: 18%
2023-09-10T02:39:10.651Z [Modules] Streaming discord_utils@2 to /home/sshep/.config/discord/0.0.29/modules/pending/discord_utils-2.zip: 19%
2023-09-10T02:39:10.651Z [Modules] Streaming discord_utils@2 to /home/sshep/.config/discord/0.0.29/modules/pending/discord_utils-2.zip: 21%
2023-09-10T02:39:10.651Z [Modules] Streaming discord_utils@2 to /home/sshep/.config/discord/0.0.29/modules/pending/discord_utils-2.zip: 23%
2023-09-10T02:39:10.652Z [Modules] Streaming discord_utils@2 to /home/sshep/.config/discord/0.0.29/modules/pending/discord_utils-2.zip: 25%
2023-09-10T02:39:10.653Z [Modules] Streaming discord_utils@2 to /home/sshep/.config/discord/0.0.29/modules/pending/discord_utils-2.zip: 27%
2023-09-10T02:39:10.654Z [Modules] Streaming discord_utils@2 to /home/sshep/.config/discord/0.0.29/modules/pending/discord_utils-2.zip: 28%
2023-09-10T02:39:10.655Z [Modules] Streaming discord_utils@2 to /home/sshep/.config/discord/0.0.29/modules/pending/discord_utils-2.zip: 30%
2023-09-10T02:39:10.656Z [Modules] Streaming discord_utils@2 to /home/sshep/.config/discord/0.0.29/modules/pending/discord_utils-2.zip: 33%
2023-09-10T02:39:10.658Z [Modules] Streaming discord_utils@2 to /home/sshep/.config/discord/0.0.29/modules/pending/discord_utils-2.zip: 34%
2023-09-10T02:39:10.662Z [Modules] Streaming discord_utils@2 to /home/sshep/.config/discord/0.0.29/modules/pending/discord_utils-2.zip: 35%
2023-09-10T02:39:10.664Z [Modules] Streaming discord_utils@2 to /home/sshep/.config/discord/0.0.29/modules/pending/discord_utils-2.zip: 36%
2023-09-10T02:39:10.666Z [Modules] Streaming discord_utils@2 to /home/sshep/.config/discord/0.0.29/modules/pending/discord_utils-2.zip: 37%
2023-09-10T02:39:10.671Z [Modules] Streaming discord_utils@2 to /home/sshep/.config/discord/0.0.29/modules/pending/discord_utils-2.zip: 38%
2023-09-10T02:39:10.675Z [Modules] Streaming discord_utils@2 to /home/sshep/.config/discord/0.0.29/modules/pending/discord_utils-2.zip: 39%
2023-09-10T02:39:10.676Z [Modules] Streaming discord_utils@2 to /home/sshep/.config/discord/0.0.29/modules/pending/discord_utils-2.zip: 40%
2023-09-10T02:39:10.679Z [Modules] Streaming discord_utils@2 to /home/sshep/.config/discord/0.0.29/modules/pending/discord_utils-2.zip: 41%
2023-09-10T02:39:10.683Z [Modules] Streaming discord_utils@2 to /home/sshep/.config/discord/0.0.29/modules/pending/discord_utils-2.zip: 42%
2023-09-10T02:39:10.684Z [Modules] Streaming discord_utils@2 to /home/sshep/.config/discord/0.0.29/modules/pending/discord_utils-2.zip: 43%
2023-09-10T02:39:10.690Z [Modules] Streaming discord_utils@2 to /home/sshep/.config/discord/0.0.29/modules/pending/discord_utils-2.zip: 44%
2023-09-10T02:39:10.692Z [Modules] Streaming discord_utils@2 to /home/sshep/.config/discord/0.0.29/modules/pending/discord_utils-2.zip: 45%
2023-09-10T02:39:10.694Z [Modules] Streaming discord_utils@2 to /home/sshep/.config/discord/0.0.29/modules/pending/discord_utils-2.zip: 46%
2023-09-10T02:39:10.698Z [Modules] Streaming discord_utils@2 to /home/sshep/.config/discord/0.0.29/modules/pending/discord_utils-2.zip: 47%
2023-09-10T02:39:10.700Z [Modules] Streaming discord_utils@2 to /home/sshep/.config/discord/0.0.29/modules/pending/discord_utils-2.zip: 48%
2023-09-10T02:39:10.704Z [Modules] Streaming discord_utils@2 to /home/sshep/.config/discord/0.0.29/modules/pending/discord_utils-2.zip: 49%
2023-09-10T02:39:10.707Z [Modules] Streaming discord_utils@2 to /home/sshep/.config/discord/0.0.29/modules/pending/discord_utils-2.zip: 50%
2023-09-10T02:39:10.711Z [Modules] Streaming discord_utils@2 to /home/sshep/.config/discord/0.0.29/modules/pending/discord_utils-2.zip: 51%
2023-09-10T02:39:10.712Z [Modules] Streaming discord_utils@2 to /home/sshep/.config/discord/0.0.29/modules/pending/discord_utils-2.zip: 52%
2023-09-10T02:39:10.718Z [Modules] Streaming discord_utils@2 to /home/sshep/.config/discord/0.0.29/modules/pending/discord_utils-2.zip: 53%
2023-09-10T02:39:10.719Z [Modules] Streaming discord_utils@2 to /home/sshep/.config/discord/0.0.29/modules/pending/discord_utils-2.zip: 54%
2023-09-10T02:39:10.722Z [Modules] Streaming discord_utils@2 to /home/sshep/.config/discord/0.0.29/modules/pending/discord_utils-2.zip: 55%
2023-09-10T02:39:10.726Z [Modules] Streaming discord_utils@2 to /home/sshep/.config/discord/0.0.29/modules/pending/discord_utils-2.zip: 56%
2023-09-10T02:39:10.729Z [Modules] Streaming discord_utils@2 to /home/sshep/.config/discord/0.0.29/modules/pending/discord_utils-2.zip: 57%
2023-09-10T02:39:10.732Z [Modules] Streaming discord_utils@2 to /home/sshep/.config/discord/0.0.29/modules/pending/discord_utils-2.zip: 58%
2023-09-10T02:39:10.736Z [Modules] Streaming discord_utils@2 to /home/sshep/.config/discord/0.0.29/modules/pending/discord_utils-2.zip: 59%
2023-09-10T02:39:10.737Z [Modules] Streaming discord_utils@2 to /home/sshep/.config/discord/0.0.29/modules/pending/discord_utils-2.zip: 60%
2023-09-10T02:39:10.740Z [Modules] Streaming discord_utils@2 to /home/sshep/.config/discord/0.0.29/modules/pending/discord_utils-2.zip: 61%
2023-09-10T02:39:10.743Z [Modules] Streaming discord_utils@2 to /home/sshep/.config/discord/0.0.29/modules/pending/discord_utils-2.zip: 62%
2023-09-10T02:39:10.748Z [Modules] Streaming discord_utils@2 to /home/sshep/.config/discord/0.0.29/modules/pending/discord_utils-2.zip: 63%
2023-09-10T02:39:10.750Z [Modules] Streaming discord_utils@2 to /home/sshep/.config/discord/0.0.29/modules/pending/discord_utils-2.zip: 64%
2023-09-10T02:39:10.753Z [Modules] Streaming discord_utils@2 to /home/sshep/.config/discord/0.0.29/modules/pending/discord_utils-2.zip: 65%
2023-09-10T02:39:10.757Z [Modules] Streaming discord_utils@2 to /home/sshep/.config/discord/0.0.29/modules/pending/discord_utils-2.zip: 66%
2023-09-10T02:39:10.760Z [Modules] Streaming discord_utils@2 to /home/sshep/.config/discord/0.0.29/modules/pending/discord_utils-2.zip: 67%
2023-09-10T02:39:10.763Z [Modules] Streaming discord_utils@2 to /home/sshep/.config/discord/0.0.29/modules/pending/discord_utils-2.zip: 68%
2023-09-10T02:39:10.766Z [Modules] Streaming discord_utils@2 to /home/sshep/.config/discord/0.0.29/modules/pending/discord_utils-2.zip: 69%
2023-09-10T02:39:10.768Z [Modules] Streaming discord_utils@2 to /home/sshep/.config/discord/0.0.29/modules/pending/discord_utils-2.zip: 70%
2023-09-10T02:39:10.771Z [Modules] Streaming discord_utils@2 to /home/sshep/.config/discord/0.0.29/modules/pending/discord_utils-2.zip: 71%
2023-09-10T02:39:10.774Z [Modules] Streaming discord_utils@2 to /home/sshep/.config/discord/0.0.29/modules/pending/discord_utils-2.zip: 72%
2023-09-10T02:39:10.779Z [Modules] Streaming discord_utils@2 to /home/sshep/.config/discord/0.0.29/modules/pending/discord_utils-2.zip: 73%
2023-09-10T02:39:10.781Z [Modules] Streaming discord_utils@2 to /home/sshep/.config/discord/0.0.29/modules/pending/discord_utils-2.zip: 74%
2023-09-10T02:39:10.785Z [Modules] Streaming discord_utils@2 to /home/sshep/.config/discord/0.0.29/modules/pending/discord_utils-2.zip: 75%
2023-09-10T02:39:10.788Z [Modules] Streaming discord_utils@2 to /home/sshep/.config/discord/0.0.29/modules/pending/discord_utils-2.zip: 76%
2023-09-10T02:39:10.791Z [Modules] Streaming discord_utils@2 to /home/sshep/.config/discord/0.0.29/modules/pending/discord_utils-2.zip: 77%
2023-09-10T02:39:10.793Z [Modules] Streaming discord_utils@2 to /home/sshep/.config/discord/0.0.29/modules/pending/discord_utils-2.zip: 78%
2023-09-10T02:39:10.796Z [Modules] Streaming discord_utils@2 to /home/sshep/.config/discord/0.0.29/modules/pending/discord_utils-2.zip: 79%
2023-09-10T02:39:10.799Z [Modules] Streaming discord_utils@2 to /home/sshep/.config/discord/0.0.29/modules/pending/discord_utils-2.zip: 80%
2023-09-10T02:39:10.803Z [Modules] Streaming discord_utils@2 to /home/sshep/.config/discord/0.0.29/modules/pending/discord_utils-2.zip: 81%
2023-09-10T02:39:10.807Z [Modules] Streaming discord_utils@2 to /home/sshep/.config/discord/0.0.29/modules/pending/discord_utils-2.zip: 82%
2023-09-10T02:39:10.809Z [Modules] Streaming discord_utils@2 to /home/sshep/.config/discord/0.0.29/modules/pending/discord_utils-2.zip: 83%
2023-09-10T02:39:10.814Z [Modules] Streaming discord_utils@2 to /home/sshep/.config/discord/0.0.29/modules/pending/discord_utils-2.zip: 85%
2023-09-10T02:39:10.817Z [Modules] Streaming discord_utils@2 to /home/sshep/.config/discord/0.0.29/modules/pending/discord_utils-2.zip: 86%
2023-09-10T02:39:10.824Z [Modules] Streaming discord_utils@2 to /home/sshep/.config/discord/0.0.29/modules/pending/discord_utils-2.zip: 88%
2023-09-10T02:39:10.827Z [Modules] Streaming discord_utils@2 to /home/sshep/.config/discord/0.0.29/modules/pending/discord_utils-2.zip: 89%
2023-09-10T02:39:10.831Z [Modules] Streaming discord_utils@2 to /home/sshep/.config/discord/0.0.29/modules/pending/discord_utils-2.zip: 90%
2023-09-10T02:39:10.833Z [Modules] Streaming discord_utils@2 to /home/sshep/.config/discord/0.0.29/modules/pending/discord_utils-2.zip: 91%
2023-09-10T02:39:10.837Z [Modules] Streaming discord_utils@2 to /home/sshep/.config/discord/0.0.29/modules/pending/discord_utils-2.zip: 92%
2023-09-10T02:39:10.840Z [Modules] Streaming discord_utils@2 to /home/sshep/.config/discord/0.0.29/modules/pending/discord_utils-2.zip: 93%
2023-09-10T02:39:10.844Z [Modules] Streaming discord_utils@2 to /home/sshep/.config/discord/0.0.29/modules/pending/discord_utils-2.zip: 94%
2023-09-10T02:39:10.845Z [Modules] Streaming discord_utils@2 to /home/sshep/.config/discord/0.0.29/modules/pending/discord_utils-2.zip: 95%
2023-09-10T02:39:10.848Z [Modules] Streaming discord_utils@2 to /home/sshep/.config/discord/0.0.29/modules/pending/discord_utils-2.zip: 96%
2023-09-10T02:39:10.852Z [Modules] Streaming discord_utils@2 to /home/sshep/.config/discord/0.0.29/modules/pending/discord_utils-2.zip: 97%
2023-09-10T02:39:10.856Z [Modules] Streaming discord_utils@2 to /home/sshep/.config/discord/0.0.29/modules/pending/discord_utils-2.zip: 98%
2023-09-10T02:39:10.858Z [Modules] Streaming discord_utils@2 to /home/sshep/.config/discord/0.0.29/modules/pending/discord_utils-2.zip: 99%
2023-09-10T02:39:10.859Z [Modules] Streaming discord_utils@2 to /home/sshep/.config/discord/0.0.29/modules/pending/discord_utils-2.zip: 100%
2023-09-10T02:39:10.863Z [Modules] Fetching discord_voice@2 from https://discord.com/api/modules/stable/discord_voice/2
2023-09-10T02:39:10.863Z [Modules] Streaming discord_voice@2 to /home/sshep/.config/discord/0.0.29/modules/pending/discord_voice-2.zip
2023-09-10T02:39:10.979Z [Modules] Streaming discord_voice@2 to /home/sshep/.config/discord/0.0.29/modules/pending/discord_voice-2.zip: 1%
2023-09-10T02:39:10.994Z [Modules] Streaming discord_voice@2 to /home/sshep/.config/discord/0.0.29/modules/pending/discord_voice-2.zip: 2%
2023-09-10T02:39:11.056Z [Modules] Streaming discord_voice@2 to /home/sshep/.config/discord/0.0.29/modules/pending/discord_voice-2.zip: 3%
2023-09-10T02:39:11.058Z [Modules] Streaming discord_voice@2 to /home/sshep/.config/discord/0.0.29/modules/pending/discord_voice-2.zip: 4%
2023-09-10T02:39:11.060Z [Modules] Streaming discord_voice@2 to /home/sshep/.config/discord/0.0.29/modules/pending/discord_voice-2.zip: 5%
2023-09-10T02:39:11.064Z [Modules] Streaming discord_voice@2 to /home/sshep/.config/discord/0.0.29/modules/pending/discord_voice-2.zip: 6%
2023-09-10T02:39:11.083Z [Modules] Streaming discord_voice@2 to /home/sshep/.config/discord/0.0.29/modules/pending/discord_voice-2.zip: 7%
2023-09-10T02:39:11.101Z [Modules] Streaming discord_voice@2 to /home/sshep/.config/discord/0.0.29/modules/pending/discord_voice-2.zip: 8%
2023-09-10T02:39:11.117Z [Modules] Streaming discord_voice@2 to /home/sshep/.config/discord/0.0.29/modules/pending/discord_voice-2.zip: 9%
2023-09-10T02:39:11.137Z [Modules] Streaming discord_voice@2 to /home/sshep/.config/discord/0.0.29/modules/pending/discord_voice-2.zip: 10%
2023-09-10T02:39:11.152Z [Modules] Streaming discord_voice@2 to /home/sshep/.config/discord/0.0.29/modules/pending/discord_voice-2.zip: 11%
2023-09-10T02:39:11.169Z [Modules] Streaming discord_voice@2 to /home/sshep/.config/discord/0.0.29/modules/pending/discord_voice-2.zip: 12%
2023-09-10T02:39:11.189Z [Modules] Streaming discord_voice@2 to /home/sshep/.config/discord/0.0.29/modules/pending/discord_voice-2.zip: 13%
2023-09-10T02:39:11.204Z [Modules] Streaming discord_voice@2 to /home/sshep/.config/discord/0.0.29/modules/pending/discord_voice-2.zip: 14%
2023-09-10T02:39:11.221Z [Modules] Streaming discord_voice@2 to /home/sshep/.config/discord/0.0.29/modules/pending/discord_voice-2.zip: 15%
2023-09-10T02:39:11.239Z [Modules] Streaming discord_voice@2 to /home/sshep/.config/discord/0.0.29/modules/pending/discord_voice-2.zip: 16%
2023-09-10T02:39:11.258Z [Modules] Streaming discord_voice@2 to /home/sshep/.config/discord/0.0.29/modules/pending/discord_voice-2.zip: 17%
2023-09-10T02:39:11.275Z [Modules] Streaming discord_voice@2 to /home/sshep/.config/discord/0.0.29/modules/pending/discord_voice-2.zip: 18%
2023-09-10T02:39:11.291Z [Modules] Streaming discord_voice@2 to /home/sshep/.config/discord/0.0.29/modules/pending/discord_voice-2.zip: 19%
2023-09-10T02:39:11.309Z [Modules] Streaming discord_voice@2 to /home/sshep/.config/discord/0.0.29/modules/pending/discord_voice-2.zip: 20%
2023-09-10T02:39:11.326Z [Modules] Streaming discord_voice@2 to /home/sshep/.config/discord/0.0.29/modules/pending/discord_voice-2.zip: 21%
2023-09-10T02:39:11.344Z [Modules] Streaming discord_voice@2 to /home/sshep/.config/discord/0.0.29/modules/pending/discord_voice-2.zip: 22%
2023-09-10T02:39:11.360Z [Modules] Streaming discord_voice@2 to /home/sshep/.config/discord/0.0.29/modules/pending/discord_voice-2.zip: 23%
2023-09-10T02:39:11.377Z [Modules] Streaming discord_voice@2 to /home/sshep/.config/discord/0.0.29/modules/pending/discord_voice-2.zip: 24%
2023-09-10T02:39:11.398Z [Modules] Streaming discord_voice@2 to /home/sshep/.config/discord/0.0.29/modules/pending/discord_voice-2.zip: 25%
2023-09-10T02:39:11.412Z [Modules] Streaming discord_voice@2 to /home/sshep/.config/discord/0.0.29/modules/pending/discord_voice-2.zip: 26%
2023-09-10T02:39:11.430Z [Modules] Streaming discord_voice@2 to /home/sshep/.config/discord/0.0.29/modules/pending/discord_voice-2.zip: 27%
2023-09-10T02:39:11.447Z [Modules] Streaming discord_voice@2 to /home/sshep/.config/discord/0.0.29/modules/pending/discord_voice-2.zip: 28%
2023-09-10T02:39:11.465Z [Modules] Streaming discord_voice@2 to /home/sshep/.config/discord/0.0.29/modules/pending/discord_voice-2.zip: 29%
2023-09-10T02:39:11.483Z [Modules] Streaming discord_voice@2 to /home/sshep/.config/discord/0.0.29/modules/pending/discord_voice-2.zip: 30%
2023-09-10T02:39:11.500Z [Modules] Streaming discord_voice@2 to /home/sshep/.config/discord/0.0.29/modules/pending/discord_voice-2.zip: 31%
2023-09-10T02:39:11.517Z [Modules] Streaming discord_voice@2 to /home/sshep/.config/discord/0.0.29/modules/pending/discord_voice-2.zip: 32%
2023-09-10T02:39:11.535Z [Modules] Streaming discord_voice@2 to /home/sshep/.config/discord/0.0.29/modules/pending/discord_voice-2.zip: 33%
2023-09-10T02:39:11.552Z [Modules] Streaming discord_voice@2 to /home/sshep/.config/discord/0.0.29/modules/pending/discord_voice-2.zip: 34%
2023-09-10T02:39:11.569Z [Modules] Streaming discord_voice@2 to /home/sshep/.config/discord/0.0.29/modules/pending/discord_voice-2.zip: 35%
2023-09-10T02:39:11.587Z [Modules] Streaming discord_voice@2 to /home/sshep/.config/discord/0.0.29/modules/pending/discord_voice-2.zip: 36%
2023-09-10T02:39:11.605Z [Modules] Streaming discord_voice@2 to /home/sshep/.config/discord/0.0.29/modules/pending/discord_voice-2.zip: 37%
2023-09-10T02:39:11.622Z [Modules] Streaming discord_voice@2 to /home/sshep/.config/discord/0.0.29/modules/pending/discord_voice-2.zip: 38%
2023-09-10T02:39:11.638Z [Modules] Streaming discord_voice@2 to /home/sshep/.config/discord/0.0.29/modules/pending/discord_voice-2.zip: 39%
2023-09-10T02:39:11.656Z [Modules] Streaming discord_voice@2 to /home/sshep/.config/discord/0.0.29/modules/pending/discord_voice-2.zip: 40%
2023-09-10T02:39:11.675Z [Modules] Streaming discord_voice@2 to /home/sshep/.config/discord/0.0.29/modules/pending/discord_voice-2.zip: 41%
2023-09-10T02:39:11.691Z [Modules] Streaming discord_voice@2 to /home/sshep/.config/discord/0.0.29/modules/pending/discord_voice-2.zip: 42%
2023-09-10T02:39:11.708Z [Modules] Streaming discord_voice@2 to /home/sshep/.config/discord/0.0.29/modules/pending/discord_voice-2.zip: 43%
2023-09-10T02:39:11.726Z [Modules] Streaming discord_voice@2 to /home/sshep/.config/discord/0.0.29/modules/pending/discord_voice-2.zip: 44%
2023-09-10T02:39:11.743Z [Modules] Streaming discord_voice@2 to /home/sshep/.config/discord/0.0.29/modules/pending/discord_voice-2.zip: 45%
2023-09-10T02:39:11.760Z [Modules] Streaming discord_voice@2 to /home/sshep/.config/discord/0.0.29/modules/pending/discord_voice-2.zip: 46%
2023-09-10T02:39:11.778Z [Modules] Streaming discord_voice@2 to /home/sshep/.config/discord/0.0.29/modules/pending/discord_voice-2.zip: 47%
2023-09-10T02:39:11.796Z [Modules] Streaming discord_voice@2 to /home/sshep/.config/discord/0.0.29/modules/pending/discord_voice-2.zip: 48%
2023-09-10T02:39:11.813Z [Modules] Streaming discord_voice@2 to /home/sshep/.config/discord/0.0.29/modules/pending/discord_voice-2.zip: 49%
2023-09-10T02:39:11.831Z [Modules] Streaming discord_voice@2 to /home/sshep/.config/discord/0.0.29/modules/pending/discord_voice-2.zip: 50%
2023-09-10T02:39:11.848Z [Modules] Streaming discord_voice@2 to /home/sshep/.config/discord/0.0.29/modules/pending/discord_voice-2.zip: 51%
2023-09-10T02:39:11.865Z [Modules] Streaming discord_voice@2 to /home/sshep/.config/discord/0.0.29/modules/pending/discord_voice-2.zip: 52%
2023-09-10T02:39:11.883Z [Modules] Streaming discord_voice@2 to /home/sshep/.config/discord/0.0.29/modules/pending/discord_voice-2.zip: 53%
2023-09-10T02:39:11.900Z [Modules] Streaming discord_voice@2 to /home/sshep/.config/discord/0.0.29/modules/pending/discord_voice-2.zip: 54%
2023-09-10T02:39:11.918Z [Modules] Streaming discord_voice@2 to /home/sshep/.config/discord/0.0.29/modules/pending/discord_voice-2.zip: 55%
2023-09-10T02:39:11.936Z [Modules] Streaming discord_voice@2 to /home/sshep/.config/discord/0.0.29/modules/pending/discord_voice-2.zip: 56%
2023-09-10T02:39:11.951Z [Modules] Streaming discord_voice@2 to /home/sshep/.config/discord/0.0.29/modules/pending/discord_voice-2.zip: 57%
2023-09-10T02:39:11.971Z [Modules] Streaming discord_voice@2 to /home/sshep/.config/discord/0.0.29/modules/pending/discord_voice-2.zip: 58%
2023-09-10T02:39:11.986Z [Modules] Streaming discord_voice@2 to /home/sshep/.config/discord/0.0.29/modules/pending/discord_voice-2.zip: 59%
2023-09-10T02:39:12.006Z [Modules] Streaming discord_voice@2 to /home/sshep/.config/discord/0.0.29/modules/pending/discord_voice-2.zip: 60%
2023-09-10T02:39:12.021Z [Modules] Streaming discord_voice@2 to /home/sshep/.config/discord/0.0.29/modules/pending/discord_voice-2.zip: 61%
2023-09-10T02:39:12.039Z [Modules] Streaming discord_voice@2 to /home/sshep/.config/discord/0.0.29/modules/pending/discord_voice-2.zip: 62%
2023-09-10T02:39:12.056Z [Modules] Streaming discord_voice@2 to /home/sshep/.config/discord/0.0.29/modules/pending/discord_voice-2.zip: 63%
2023-09-10T02:39:12.074Z [Modules] Streaming discord_voice@2 to /home/sshep/.config/discord/0.0.29/modules/pending/discord_voice-2.zip: 64%
2023-09-10T02:39:12.184Z [Modules] Streaming discord_voice@2 to /home/sshep/.config/discord/0.0.29/modules/pending/discord_voice-2.zip: 65%
2023-09-10T02:39:12.186Z [Modules] Streaming discord_voice@2 to /home/sshep/.config/discord/0.0.29/modules/pending/discord_voice-2.zip: 66%
2023-09-10T02:39:12.285Z [Modules] Streaming discord_voice@2 to /home/sshep/.config/discord/0.0.29/modules/pending/discord_voice-2.zip: 67%
2023-09-10T02:39:12.315Z [Modules] Streaming discord_voice@2 to /home/sshep/.config/discord/0.0.29/modules/pending/discord_voice-2.zip: 68%
2023-09-10T02:39:12.408Z [Modules] Streaming discord_voice@2 to /home/sshep/.config/discord/0.0.29/modules/pending/discord_voice-2.zip: 69%
2023-09-10T02:39:12.442Z [Modules] Streaming discord_voice@2 to /home/sshep/.config/discord/0.0.29/modules/pending/discord_voice-2.zip: 70%
2023-09-10T02:39:12.540Z [Modules] Streaming discord_voice@2 to /home/sshep/.config/discord/0.0.29/modules/pending/discord_voice-2.zip: 71%
2023-09-10T02:39:12.608Z [Modules] Streaming discord_voice@2 to /home/sshep/.config/discord/0.0.29/modules/pending/discord_voice-2.zip: 72%
2023-09-10T02:39:12.609Z [Modules] Streaming discord_voice@2 to /home/sshep/.config/discord/0.0.29/modules/pending/discord_voice-2.zip: 73%
2023-09-10T02:39:12.613Z [Modules] Streaming discord_voice@2 to /home/sshep/.config/discord/0.0.29/modules/pending/discord_voice-2.zip: 74%
2023-09-10T02:39:12.638Z [Modules] Streaming discord_voice@2 to /home/sshep/.config/discord/0.0.29/modules/pending/discord_voice-2.zip: 75%
2023-09-10T02:39:12.658Z [Modules] Streaming discord_voice@2 to /home/sshep/.config/discord/0.0.29/modules/pending/discord_voice-2.zip: 76%
2023-09-10T02:39:12.673Z [Modules] Streaming discord_voice@2 to /home/sshep/.config/discord/0.0.29/modules/pending/discord_voice-2.zip: 77%
2023-09-10T02:39:12.690Z [Modules] Streaming discord_voice@2 to /home/sshep/.config/discord/0.0.29/modules/pending/discord_voice-2.zip: 78%
2023-09-10T02:39:12.706Z [Modules] Streaming discord_voice@2 to /home/sshep/.config/discord/0.0.29/modules/pending/discord_voice-2.zip: 79%
2023-09-10T02:39:12.724Z [Modules] Streaming discord_voice@2 to /home/sshep/.config/discord/0.0.29/modules/pending/discord_voice-2.zip: 80%
2023-09-10T02:39:12.741Z [Modules] Streaming discord_voice@2 to /home/sshep/.config/discord/0.0.29/modules/pending/discord_voice-2.zip: 81%
2023-09-10T02:39:12.760Z [Modules] Streaming discord_voice@2 to /home/sshep/.config/discord/0.0.29/modules/pending/discord_voice-2.zip: 82%
2023-09-10T02:39:12.776Z [Modules] Streaming discord_voice@2 to /home/sshep/.config/discord/0.0.29/modules/pending/discord_voice-2.zip: 83%
2023-09-10T02:39:12.794Z [Modules] Streaming discord_voice@2 to /home/sshep/.config/discord/0.0.29/modules/pending/discord_voice-2.zip: 84%
2023-09-10T02:39:12.812Z [Modules] Streaming discord_voice@2 to /home/sshep/.config/discord/0.0.29/modules/pending/discord_voice-2.zip: 85%
2023-09-10T02:39:12.829Z [Modules] Streaming discord_voice@2 to /home/sshep/.config/discord/0.0.29/modules/pending/discord_voice-2.zip: 86%
2023-09-10T02:39:12.846Z [Modules] Streaming discord_voice@2 to /home/sshep/.config/discord/0.0.29/modules/pending/discord_voice-2.zip: 87%
2023-09-10T02:39:12.864Z [Modules] Streaming discord_voice@2 to /home/sshep/.config/discord/0.0.29/modules/pending/discord_voice-2.zip: 88%
2023-09-10T02:39:12.881Z [Modules] Streaming discord_voice@2 to /home/sshep/.config/discord/0.0.29/modules/pending/discord_voice-2.zip: 89%
2023-09-10T02:39:12.898Z [Modules] Streaming discord_voice@2 to /home/sshep/.config/discord/0.0.29/modules/pending/discord_voice-2.zip: 90%
2023-09-10T02:39:12.917Z [Modules] Streaming discord_voice@2 to /home/sshep/.config/discord/0.0.29/modules/pending/discord_voice-2.zip: 91%
2023-09-10T02:39:12.933Z [Modules] Streaming discord_voice@2 to /home/sshep/.config/discord/0.0.29/modules/pending/discord_voice-2.zip: 92%
2023-09-10T02:39:12.954Z [Modules] Streaming discord_voice@2 to /home/sshep/.config/discord/0.0.29/modules/pending/discord_voice-2.zip: 93%
2023-09-10T02:39:12.969Z [Modules] Streaming discord_voice@2 to /home/sshep/.config/discord/0.0.29/modules/pending/discord_voice-2.zip: 94%
2023-09-10T02:39:12.986Z [Modules] Streaming discord_voice@2 to /home/sshep/.config/discord/0.0.29/modules/pending/discord_voice-2.zip: 95%
2023-09-10T02:39:13.003Z [Modules] Streaming discord_voice@2 to /home/sshep/.config/discord/0.0.29/modules/pending/discord_voice-2.zip: 96%
2023-09-10T02:39:13.021Z [Modules] Streaming discord_voice@2 to /home/sshep/.config/discord/0.0.29/modules/pending/discord_voice-2.zip: 97%
2023-09-10T02:39:13.039Z [Modules] Streaming discord_voice@2 to /home/sshep/.config/discord/0.0.29/modules/pending/discord_voice-2.zip: 98%
2023-09-10T02:39:13.054Z [Modules] Streaming discord_voice@2 to /home/sshep/.config/discord/0.0.29/modules/pending/discord_voice-2.zip: 99%
2023-09-10T02:39:13.070Z [Modules] Streaming discord_voice@2 to /home/sshep/.config/discord/0.0.29/modules/pending/discord_voice-2.zip: 100%
2023-09-10T02:39:13.072Z [Modules] Finished module downloads. [success: 5] [failure: 0]
2023-09-10T02:39:13.073Z [Modules] Installing updates...
2023-09-10T02:39:13.073Z [Modules] Installing discord_desktop_core@2 from /home/sshep/.config/discord/0.0.29/modules/pending/discord_desktop_core-2.zip
2023-09-10T02:39:13.203Z [Modules] Installing discord_erlpack@1 from /home/sshep/.config/discord/0.0.29/modules/pending/discord_erlpack-1.zip
2023-09-10T02:39:13.288Z [Modules] Installing discord_spellcheck@1 from /home/sshep/.config/discord/0.0.29/modules/pending/discord_spellcheck-1.zip
2023-09-10T02:39:14.161Z [Modules] Installing discord_utils@2 from /home/sshep/.config/discord/0.0.29/modules/pending/discord_utils-2.zip
2023-09-10T02:39:14.623Z [Modules] Installing discord_voice@2 from /home/sshep/.config/discord/0.0.29/modules/pending/discord_voice-2.zip
2023-09-10T02:39:15.795Z [Modules] Finished module installations. [success: 5] [failure: 0]
2023-09-10T02:39:15.795Z [Modules] Host is up to date.
2023-09-10T02:39:15.795Z [Modules] Checking for module updates at https://discord.com/api/modules/stable/versions.json
2023-09-10T02:39:15.801Z [Modules] No module updates available.
2023-09-10T02:39:17.830Z [Modules] Starting to install discord_krisp...
2023-09-10T02:39:17.830Z [Modules] Fetching discord_krisp@1 from https://discord.com/api/modules/stable/discord_krisp/1
2023-09-10T02:39:17.830Z [Modules] Streaming discord_krisp@1 to /home/sshep/.config/discord/0.0.29/modules/pending/discord_krisp-1.zip
2023-09-10T02:39:17.846Z [Modules] Starting to install discord_game_utils...
2023-09-10T02:39:17.951Z [Modules] Streaming discord_krisp@1 to /home/sshep/.config/discord/0.0.29/modules/pending/discord_krisp-1.zip: 1%
2023-09-10T02:39:17.971Z [Modules] Streaming discord_krisp@1 to /home/sshep/.config/discord/0.0.29/modules/pending/discord_krisp-1.zip: 2%
2023-09-10T02:39:18.026Z [Modules] Streaming discord_krisp@1 to /home/sshep/.config/discord/0.0.29/modules/pending/discord_krisp-1.zip: 3%
2023-09-10T02:39:18.028Z [Modules] Streaming discord_krisp@1 to /home/sshep/.config/discord/0.0.29/modules/pending/discord_krisp-1.zip: 4%
2023-09-10T02:39:18.033Z [Modules] Streaming discord_krisp@1 to /home/sshep/.config/discord/0.0.29/modules/pending/discord_krisp-1.zip: 5%
2023-09-10T02:39:18.070Z [Modules] Streaming discord_krisp@1 to /home/sshep/.config/discord/0.0.29/modules/pending/discord_krisp-1.zip: 7%
2023-09-10T02:39:18.108Z [Modules] Streaming discord_krisp@1 to /home/sshep/.config/discord/0.0.29/modules/pending/discord_krisp-1.zip: 9%
2023-09-10T02:39:18.315Z [Modules] Streaming discord_krisp@1 to /home/sshep/.config/discord/0.0.29/modules/pending/discord_krisp-1.zip: 10%
2023-09-10T02:39:18.332Z [Modules] Streaming discord_krisp@1 to /home/sshep/.config/discord/0.0.29/modules/pending/discord_krisp-1.zip: 11%
2023-09-10T02:39:18.337Z [Modules] Streaming discord_krisp@1 to /home/sshep/.config/discord/0.0.29/modules/pending/discord_krisp-1.zip: 12%
2023-09-10T02:39:18.343Z [Modules] Streaming discord_krisp@1 to /home/sshep/.config/discord/0.0.29/modules/pending/discord_krisp-1.zip: 13%
2023-09-10T02:39:18.346Z [Modules] Streaming discord_krisp@1 to /home/sshep/.config/discord/0.0.29/modules/pending/discord_krisp-1.zip: 14%
2023-09-10T02:39:18.349Z [Modules] Streaming discord_krisp@1 to /home/sshep/.config/discord/0.0.29/modules/pending/discord_krisp-1.zip: 15%
2023-09-10T02:39:18.350Z [Modules] Streaming discord_krisp@1 to /home/sshep/.config/discord/0.0.29/modules/pending/discord_krisp-1.zip: 16%
2023-09-10T02:39:18.352Z [Modules] Streaming discord_krisp@1 to /home/sshep/.config/discord/0.0.29/modules/pending/discord_krisp-1.zip: 17%
2023-09-10T02:39:18.354Z [Modules] Streaming discord_krisp@1 to /home/sshep/.config/discord/0.0.29/modules/pending/discord_krisp-1.zip: 18%
2023-09-10T02:39:18.355Z [Modules] Streaming discord_krisp@1 to /home/sshep/.config/discord/0.0.29/modules/pending/discord_krisp-1.zip: 19%
2023-09-10T02:39:18.356Z [Modules] Streaming discord_krisp@1 to /home/sshep/.config/discord/0.0.29/modules/pending/discord_krisp-1.zip: 20%
2023-09-10T02:39:18.357Z [Modules] Streaming discord_krisp@1 to /home/sshep/.config/discord/0.0.29/modules/pending/discord_krisp-1.zip: 21%
2023-09-10T02:39:18.362Z [Modules] Streaming discord_krisp@1 to /home/sshep/.config/discord/0.0.29/modules/pending/discord_krisp-1.zip: 22%
2023-09-10T02:39:18.383Z [Modules] Streaming discord_krisp@1 to /home/sshep/.config/discord/0.0.29/modules/pending/discord_krisp-1.zip: 23%
2023-09-10T02:39:18.406Z [Modules] Streaming discord_krisp@1 to /home/sshep/.config/discord/0.0.29/modules/pending/discord_krisp-1.zip: 24%
2023-09-10T02:39:18.432Z [Modules] Streaming discord_krisp@1 to /home/sshep/.config/discord/0.0.29/modules/pending/discord_krisp-1.zip: 25%
2023-09-10T02:39:18.445Z [Modules] Streaming discord_krisp@1 to /home/sshep/.config/discord/0.0.29/modules/pending/discord_krisp-1.zip: 26%
2023-09-10T02:39:18.462Z [Modules] Streaming discord_krisp@1 to /home/sshep/.config/discord/0.0.29/modules/pending/discord_krisp-1.zip: 27%
2023-09-10T02:39:18.481Z [Modules] Streaming discord_krisp@1 to /home/sshep/.config/discord/0.0.29/modules/pending/discord_krisp-1.zip: 28%
2023-09-10T02:39:18.511Z [Modules] Streaming discord_krisp@1 to /home/sshep/.config/discord/0.0.29/modules/pending/discord_krisp-1.zip: 29%
2023-09-10T02:39:18.523Z [Modules] Streaming discord_krisp@1 to /home/sshep/.config/discord/0.0.29/modules/pending/discord_krisp-1.zip: 30%
2023-09-10T02:39:18.604Z [Modules] Streaming discord_krisp@1 to /home/sshep/.config/discord/0.0.29/modules/pending/discord_krisp-1.zip: 31%
2023-09-10T02:39:18.606Z [Modules] Streaming discord_krisp@1 to /home/sshep/.config/discord/0.0.29/modules/pending/discord_krisp-1.zip: 32%
2023-09-10T02:39:18.608Z [Modules] Streaming discord_krisp@1 to /home/sshep/.config/discord/0.0.29/modules/pending/discord_krisp-1.zip: 33%
2023-09-10T02:39:18.620Z [Modules] Streaming discord_krisp@1 to /home/sshep/.config/discord/0.0.29/modules/pending/discord_krisp-1.zip: 34%
2023-09-10T02:39:18.639Z [Modules] Streaming discord_krisp@1 to /home/sshep/.config/discord/0.0.29/modules/pending/discord_krisp-1.zip: 35%
2023-09-10T02:39:18.659Z [Modules] Streaming discord_krisp@1 to /home/sshep/.config/discord/0.0.29/modules/pending/discord_krisp-1.zip: 36%
2023-09-10T02:39:18.678Z [Modules] Streaming discord_krisp@1 to /home/sshep/.config/discord/0.0.29/modules/pending/discord_krisp-1.zip: 37%
2023-09-10T02:39:18.698Z [Modules] Streaming discord_krisp@1 to /home/sshep/.config/discord/0.0.29/modules/pending/discord_krisp-1.zip: 38%
2023-09-10T02:39:18.719Z [Modules] Streaming discord_krisp@1 to /home/sshep/.config/discord/0.0.29/modules/pending/discord_krisp-1.zip: 39%
2023-09-10T02:39:18.722Z [Modules] Host is up to date.
2023-09-10T02:39:18.723Z [Modules] Checking for module updates at https://discord.com/api/modules/stable/versions.json
2023-09-10T02:39:18.727Z [Modules] No module updates available.
2023-09-10T02:39:18.736Z [Modules] Streaming discord_krisp@1 to /home/sshep/.config/discord/0.0.29/modules/pending/discord_krisp-1.zip: 40%
2023-09-10T02:39:18.755Z [Modules] Streaming discord_krisp@1 to /home/sshep/.config/discord/0.0.29/modules/pending/discord_krisp-1.zip: 41%
2023-09-10T02:39:18.775Z [Modules] Streaming discord_krisp@1 to /home/sshep/.config/discord/0.0.29/modules/pending/discord_krisp-1.zip: 42%
2023-09-10T02:39:18.794Z [Modules] Streaming discord_krisp@1 to /home/sshep/.config/discord/0.0.29/modules/pending/discord_krisp-1.zip: 43%
2023-09-10T02:39:18.815Z [Modules] Streaming discord_krisp@1 to /home/sshep/.config/discord/0.0.29/modules/pending/discord_krisp-1.zip: 44%
2023-09-10T02:39:18.834Z [Modules] Streaming discord_krisp@1 to /home/sshep/.config/discord/0.0.29/modules/pending/discord_krisp-1.zip: 45%
2023-09-10T02:39:18.853Z [Modules] Streaming discord_krisp@1 to /home/sshep/.config/discord/0.0.29/modules/pending/discord_krisp-1.zip: 46%
2023-09-10T02:39:18.873Z [Modules] Streaming discord_krisp@1 to /home/sshep/.config/discord/0.0.29/modules/pending/discord_krisp-1.zip: 47%
2023-09-10T02:39:18.895Z [Modules] Streaming discord_krisp@1 to /home/sshep/.config/discord/0.0.29/modules/pending/discord_krisp-1.zip: 48%
2023-09-10T02:39:18.910Z [Modules] Streaming discord_krisp@1 to /home/sshep/.config/discord/0.0.29/modules/pending/discord_krisp-1.zip: 49%
2023-09-10T02:39:18.930Z [Modules] Streaming discord_krisp@1 to /home/sshep/.config/discord/0.0.29/modules/pending/discord_krisp-1.zip: 50%
2023-09-10T02:39:18.949Z [Modules] Streaming discord_krisp@1 to /home/sshep/.config/discord/0.0.29/modules/pending/discord_krisp-1.zip: 51%
2023-09-10T02:39:18.970Z [Modules] Streaming discord_krisp@1 to /home/sshep/.config/discord/0.0.29/modules/pending/discord_krisp-1.zip: 52%
2023-09-10T02:39:18.990Z [Modules] Streaming discord_krisp@1 to /home/sshep/.config/discord/0.0.29/modules/pending/discord_krisp-1.zip: 53%
2023-09-10T02:39:19.008Z [Modules] Streaming discord_krisp@1 to /home/sshep/.config/discord/0.0.29/modules/pending/discord_krisp-1.zip: 54%
2023-09-10T02:39:19.028Z [Modules] Streaming discord_krisp@1 to /home/sshep/.config/discord/0.0.29/modules/pending/discord_krisp-1.zip: 55%
2023-09-10T02:39:19.047Z [Modules] Streaming discord_krisp@1 to /home/sshep/.config/discord/0.0.29/modules/pending/discord_krisp-1.zip: 56%
2023-09-10T02:39:19.069Z [Modules] Streaming discord_krisp@1 to /home/sshep/.config/discord/0.0.29/modules/pending/discord_krisp-1.zip: 57%
2023-09-10T02:39:19.086Z [Modules] Streaming discord_krisp@1 to /home/sshep/.config/discord/0.0.29/modules/pending/discord_krisp-1.zip: 58%
2023-09-10T02:39:19.123Z [Modules] Starting to install discord_rpc...
2023-09-10T02:39:19.321Z [Modules] Streaming discord_krisp@1 to /home/sshep/.config/discord/0.0.29/modules/pending/discord_krisp-1.zip: 59%
2023-09-10T02:39:19.341Z [Modules] Streaming discord_krisp@1 to /home/sshep/.config/discord/0.0.29/modules/pending/discord_krisp-1.zip: 60%
2023-09-10T02:39:19.359Z [Modules] Streaming discord_krisp@1 to /home/sshep/.config/discord/0.0.29/modules/pending/discord_krisp-1.zip: 61%
2023-09-10T02:39:19.418Z [Modules] Streaming discord_krisp@1 to /home/sshep/.config/discord/0.0.29/modules/pending/discord_krisp-1.zip: 62%
2023-09-10T02:39:19.441Z [Modules] Streaming discord_krisp@1 to /home/sshep/.config/discord/0.0.29/modules/pending/discord_krisp-1.zip: 63%
2023-09-10T02:39:19.443Z [Modules] Streaming discord_krisp@1 to /home/sshep/.config/discord/0.0.29/modules/pending/discord_krisp-1.zip: 64%
2023-09-10T02:39:19.445Z [Modules] Streaming discord_krisp@1 to /home/sshep/.config/discord/0.0.29/modules/pending/discord_krisp-1.zip: 65%
2023-09-10T02:39:19.457Z [Modules] Streaming discord_krisp@1 to /home/sshep/.config/discord/0.0.29/modules/pending/discord_krisp-1.zip: 66%
2023-09-10T02:39:19.476Z [Modules] Streaming discord_krisp@1 to /home/sshep/.config/discord/0.0.29/modules/pending/discord_krisp-1.zip: 67%
2023-09-10T02:39:19.495Z [Modules] Streaming discord_krisp@1 to /home/sshep/.config/discord/0.0.29/modules/pending/discord_krisp-1.zip: 68%
2023-09-10T02:39:19.516Z [Modules] Streaming discord_krisp@1 to /home/sshep/.config/discord/0.0.29/modules/pending/discord_krisp-1.zip: 69%
2023-09-10T02:39:19.534Z [Modules] Streaming discord_krisp@1 to /home/sshep/.config/discord/0.0.29/modules/pending/discord_krisp-1.zip: 70%
2023-09-10T02:39:19.553Z [Modules] Streaming discord_krisp@1 to /home/sshep/.config/discord/0.0.29/modules/pending/discord_krisp-1.zip: 71%
2023-09-10T02:39:19.573Z [Modules] Streaming discord_krisp@1 to /home/sshep/.config/discord/0.0.29/modules/pending/discord_krisp-1.zip: 72%
2023-09-10T02:39:19.593Z [Modules] Streaming discord_krisp@1 to /home/sshep/.config/discord/0.0.29/modules/pending/discord_krisp-1.zip: 73%
2023-09-10T02:39:19.612Z [Modules] Streaming discord_krisp@1 to /home/sshep/.config/discord/0.0.29/modules/pending/discord_krisp-1.zip: 74%
2023-09-10T02:39:19.632Z [Modules] Streaming discord_krisp@1 to /home/sshep/.config/discord/0.0.29/modules/pending/discord_krisp-1.zip: 75%
2023-09-10T02:39:19.651Z [Modules] Streaming discord_krisp@1 to /home/sshep/.config/discord/0.0.29/modules/pending/discord_krisp-1.zip: 76%
2023-09-10T02:39:19.671Z [Modules] Streaming discord_krisp@1 to /home/sshep/.config/discord/0.0.29/modules/pending/discord_krisp-1.zip: 77%
2023-09-10T02:39:19.689Z [Modules] Streaming discord_krisp@1 to /home/sshep/.config/discord/0.0.29/modules/pending/discord_krisp-1.zip: 78%
2023-09-10T02:39:19.708Z [Modules] Streaming discord_krisp@1 to /home/sshep/.config/discord/0.0.29/modules/pending/discord_krisp-1.zip: 79%
2023-09-10T02:39:19.728Z [Modules] Streaming discord_krisp@1 to /home/sshep/.config/discord/0.0.29/modules/pending/discord_krisp-1.zip: 80%
2023-09-10T02:39:19.747Z [Modules] Streaming discord_krisp@1 to /home/sshep/.config/discord/0.0.29/modules/pending/discord_krisp-1.zip: 81%
2023-09-10T02:39:19.767Z [Modules] Streaming discord_krisp@1 to /home/sshep/.config/discord/0.0.29/modules/pending/discord_krisp-1.zip: 82%
2023-09-10T02:39:19.787Z [Modules] Streaming discord_krisp@1 to /home/sshep/.config/discord/0.0.29/modules/pending/discord_krisp-1.zip: 83%
2023-09-10T02:39:19.894Z [Modules] Streaming discord_krisp@1 to /home/sshep/.config/discord/0.0.29/modules/pending/discord_krisp-1.zip: 84%
2023-09-10T02:39:19.987Z [Modules] Streaming discord_krisp@1 to /home/sshep/.config/discord/0.0.29/modules/pending/discord_krisp-1.zip: 85%
2023-09-10T02:39:20.094Z [Modules] Streaming discord_krisp@1 to /home/sshep/.config/discord/0.0.29/modules/pending/discord_krisp-1.zip: 86%
2023-09-10T02:39:20.152Z [Modules] Streaming discord_krisp@1 to /home/sshep/.config/discord/0.0.29/modules/pending/discord_krisp-1.zip: 87%
2023-09-10T02:39:20.163Z [Modules] Streaming discord_krisp@1 to /home/sshep/.config/discord/0.0.29/modules/pending/discord_krisp-1.zip: 88%
2023-09-10T02:39:20.221Z [Modules] Streaming discord_krisp@1 to /home/sshep/.config/discord/0.0.29/modules/pending/discord_krisp-1.zip: 89%
2023-09-10T02:39:20.228Z [Modules] Streaming discord_krisp@1 to /home/sshep/.config/discord/0.0.29/modules/pending/discord_krisp-1.zip: 90%
2023-09-10T02:39:20.251Z [Modules] Streaming discord_krisp@1 to /home/sshep/.config/discord/0.0.29/modules/pending/discord_krisp-1.zip: 91%
2023-09-10T02:39:20.295Z [Modules] Streaming discord_krisp@1 to /home/sshep/.config/discord/0.0.29/modules/pending/discord_krisp-1.zip: 92%
2023-09-10T02:39:20.313Z [Modules] Streaming discord_krisp@1 to /home/sshep/.config/discord/0.0.29/modules/pending/discord_krisp-1.zip: 93%
2023-09-10T02:39:20.382Z [Modules] Streaming discord_krisp@1 to /home/sshep/.config/discord/0.0.29/modules/pending/discord_krisp-1.zip: 94%
2023-09-10T02:39:20.387Z [Modules] Streaming discord_krisp@1 to /home/sshep/.config/discord/0.0.29/modules/pending/discord_krisp-1.zip: 95%
2023-09-10T02:39:20.406Z [Modules] Streaming discord_krisp@1 to /home/sshep/.config/discord/0.0.29/modules/pending/discord_krisp-1.zip: 96%
2023-09-10T02:39:20.407Z [Modules] Streaming discord_krisp@1 to /home/sshep/.config/discord/0.0.29/modules/pending/discord_krisp-1.zip: 97%
2023-09-10T02:39:20.409Z [Modules] Streaming discord_krisp@1 to /home/sshep/.config/discord/0.0.29/modules/pending/discord_krisp-1.zip: 98%
2023-09-10T02:39:20.429Z [Modules] Streaming discord_krisp@1 to /home/sshep/.config/discord/0.0.29/modules/pending/discord_krisp-1.zip: 99%
2023-09-10T02:39:20.447Z [Modules] Streaming discord_krisp@1 to /home/sshep/.config/discord/0.0.29/modules/pending/discord_krisp-1.zip: 100%
2023-09-10T02:39:20.448Z [Modules] Fetching discord_game_utils@1 from https://discord.com/api/modules/stable/discord_game_utils/1
2023-09-10T02:39:20.448Z [Modules] Streaming discord_game_utils@1 to /home/sshep/.config/discord/0.0.29/modules/pending/discord_game_utils-1.zip
2023-09-10T02:39:20.448Z [Modules] Installing discord_krisp@1 from /home/sshep/.config/discord/0.0.29/modules/pending/discord_krisp-1.zip
2023-09-10T02:39:20.573Z [Modules] Streaming discord_game_utils@1 to /home/sshep/.config/discord/0.0.29/modules/pending/discord_game_utils-1.zip: 1%
2023-09-10T02:39:20.578Z [Modules] Streaming discord_game_utils@1 to /home/sshep/.config/discord/0.0.29/modules/pending/discord_game_utils-1.zip: 3%
2023-09-10T02:39:20.581Z [Modules] Streaming discord_game_utils@1 to /home/sshep/.config/discord/0.0.29/modules/pending/discord_game_utils-1.zip: 5%
2023-09-10T02:39:20.584Z [Modules] Streaming discord_game_utils@1 to /home/sshep/.config/discord/0.0.29/modules/pending/discord_game_utils-1.zip: 6%
2023-09-10T02:39:20.586Z [Modules] Streaming discord_game_utils@1 to /home/sshep/.config/discord/0.0.29/modules/pending/discord_game_utils-1.zip: 7%
2023-09-10T02:39:20.589Z [Modules] Streaming discord_game_utils@1 to /home/sshep/.config/discord/0.0.29/modules/pending/discord_game_utils-1.zip: 8%
2023-09-10T02:39:20.590Z [Modules] Streaming discord_game_utils@1 to /home/sshep/.config/discord/0.0.29/modules/pending/discord_game_utils-1.zip: 9%
2023-09-10T02:39:20.594Z [Modules] Streaming discord_game_utils@1 to /home/sshep/.config/discord/0.0.29/modules/pending/discord_game_utils-1.zip: 11%
2023-09-10T02:39:20.597Z [Modules] Streaming discord_game_utils@1 to /home/sshep/.config/discord/0.0.29/modules/pending/discord_game_utils-1.zip: 12%
2023-09-10T02:39:20.600Z [Modules] Streaming discord_game_utils@1 to /home/sshep/.config/discord/0.0.29/modules/pending/discord_game_utils-1.zip: 13%
2023-09-10T02:39:20.601Z [Modules] Streaming discord_game_utils@1 to /home/sshep/.config/discord/0.0.29/modules/pending/discord_game_utils-1.zip: 14%
2023-09-10T02:39:20.605Z [Modules] Streaming discord_game_utils@1 to /home/sshep/.config/discord/0.0.29/modules/pending/discord_game_utils-1.zip: 16%
2023-09-10T02:39:20.608Z [Modules] Streaming discord_game_utils@1 to /home/sshep/.config/discord/0.0.29/modules/pending/discord_game_utils-1.zip: 17%
2023-09-10T02:39:20.609Z [Modules] Streaming discord_game_utils@1 to /home/sshep/.config/discord/0.0.29/modules/pending/discord_game_utils-1.zip: 18%
2023-09-10T02:39:20.612Z [Modules] Streaming discord_game_utils@1 to /home/sshep/.config/discord/0.0.29/modules/pending/discord_game_utils-1.zip: 19%
2023-09-10T02:39:20.614Z [Modules] Streaming discord_game_utils@1 to /home/sshep/.config/discord/0.0.29/modules/pending/discord_game_utils-1.zip: 20%
2023-09-10T02:39:20.617Z [Modules] Streaming discord_game_utils@1 to /home/sshep/.config/discord/0.0.29/modules/pending/discord_game_utils-1.zip: 21%
2023-09-10T02:39:20.666Z [Modules] Streaming discord_game_utils@1 to /home/sshep/.config/discord/0.0.29/modules/pending/discord_game_utils-1.zip: 22%
2023-09-10T02:39:20.669Z [Modules] Streaming discord_game_utils@1 to /home/sshep/.config/discord/0.0.29/modules/pending/discord_game_utils-1.zip: 24%
2023-09-10T02:39:20.672Z [Modules] Streaming discord_game_utils@1 to /home/sshep/.config/discord/0.0.29/modules/pending/discord_game_utils-1.zip: 27%
2023-09-10T02:39:20.676Z [Modules] Streaming discord_game_utils@1 to /home/sshep/.config/discord/0.0.29/modules/pending/discord_game_utils-1.zip: 29%
2023-09-10T02:39:20.677Z [Modules] Streaming discord_game_utils@1 to /home/sshep/.config/discord/0.0.29/modules/pending/discord_game_utils-1.zip: 32%
2023-09-10T02:39:20.678Z [Modules] Streaming discord_game_utils@1 to /home/sshep/.config/discord/0.0.29/modules/pending/discord_game_utils-1.zip: 35%
2023-09-10T02:39:20.678Z [Modules] Streaming discord_game_utils@1 to /home/sshep/.config/discord/0.0.29/modules/pending/discord_game_utils-1.zip: 37%
2023-09-10T02:39:20.679Z [Modules] Streaming discord_game_utils@1 to /home/sshep/.config/discord/0.0.29/modules/pending/discord_game_utils-1.zip: 40%
2023-09-10T02:39:20.679Z [Modules] Streaming discord_game_utils@1 to /home/sshep/.config/discord/0.0.29/modules/pending/discord_game_utils-1.zip: 42%
2023-09-10T02:39:20.679Z [Modules] Streaming discord_game_utils@1 to /home/sshep/.config/discord/0.0.29/modules/pending/discord_game_utils-1.zip: 45%
2023-09-10T02:39:20.680Z [Modules] Streaming discord_game_utils@1 to /home/sshep/.config/discord/0.0.29/modules/pending/discord_game_utils-1.zip: 48%
2023-09-10T02:39:20.680Z [Modules] Streaming discord_game_utils@1 to /home/sshep/.config/discord/0.0.29/modules/pending/discord_game_utils-1.zip: 50%
2023-09-10T02:39:20.681Z [Modules] Streaming discord_game_utils@1 to /home/sshep/.config/discord/0.0.29/modules/pending/discord_game_utils-1.zip: 51%
2023-09-10T02:39:20.685Z [Modules] Streaming discord_game_utils@1 to /home/sshep/.config/discord/0.0.29/modules/pending/discord_game_utils-1.zip: 53%
2023-09-10T02:39:20.688Z [Modules] Streaming discord_game_utils@1 to /home/sshep/.config/discord/0.0.29/modules/pending/discord_game_utils-1.zip: 54%
2023-09-10T02:39:20.689Z [Modules] Streaming discord_game_utils@1 to /home/sshep/.config/discord/0.0.29/modules/pending/discord_game_utils-1.zip: 55%
2023-09-10T02:39:20.692Z [Modules] Streaming discord_game_utils@1 to /home/sshep/.config/discord/0.0.29/modules/pending/discord_game_utils-1.zip: 56%
2023-09-10T02:39:20.693Z [Modules] Streaming discord_game_utils@1 to /home/sshep/.config/discord/0.0.29/modules/pending/discord_game_utils-1.zip: 57%
2023-09-10T02:39:20.696Z [Modules] Streaming discord_game_utils@1 to /home/sshep/.config/discord/0.0.29/modules/pending/discord_game_utils-1.zip: 58%
2023-09-10T02:39:20.697Z [Modules] Streaming discord_game_utils@1 to /home/sshep/.config/discord/0.0.29/modules/pending/discord_game_utils-1.zip: 59%
2023-09-10T02:39:20.704Z [Modules] Streaming discord_game_utils@1 to /home/sshep/.config/discord/0.0.29/modules/pending/discord_game_utils-1.zip: 61%
2023-09-10T02:39:20.704Z [Modules] Streaming discord_game_utils@1 to /home/sshep/.config/discord/0.0.29/modules/pending/discord_game_utils-1.zip: 62%
2023-09-10T02:39:20.706Z [Modules] Streaming discord_game_utils@1 to /home/sshep/.config/discord/0.0.29/modules/pending/discord_game_utils-1.zip: 63%
2023-09-10T02:39:20.709Z [Modules] Streaming discord_game_utils@1 to /home/sshep/.config/discord/0.0.29/modules/pending/discord_game_utils-1.zip: 64%
2023-09-10T02:39:20.713Z [Modules] Streaming discord_game_utils@1 to /home/sshep/.config/discord/0.0.29/modules/pending/discord_game_utils-1.zip: 66%
2023-09-10T02:39:20.718Z [Modules] Streaming discord_game_utils@1 to /home/sshep/.config/discord/0.0.29/modules/pending/discord_game_utils-1.zip: 68%
2023-09-10T02:39:20.720Z [Modules] Streaming discord_game_utils@1 to /home/sshep/.config/discord/0.0.29/modules/pending/discord_game_utils-1.zip: 69%
2023-09-10T02:39:20.721Z [Modules] Streaming discord_game_utils@1 to /home/sshep/.config/discord/0.0.29/modules/pending/discord_game_utils-1.zip: 70%
2023-09-10T02:39:20.725Z [Modules] Streaming discord_game_utils@1 to /home/sshep/.config/discord/0.0.29/modules/pending/discord_game_utils-1.zip: 72%
2023-09-10T02:39:20.728Z [Modules] Streaming discord_game_utils@1 to /home/sshep/.config/discord/0.0.29/modules/pending/discord_game_utils-1.zip: 73%
2023-09-10T02:39:20.731Z [Modules] Streaming discord_game_utils@1 to /home/sshep/.config/discord/0.0.29/modules/pending/discord_game_utils-1.zip: 74%
2023-09-10T02:39:20.732Z [Modules] Streaming discord_game_utils@1 to /home/sshep/.config/discord/0.0.29/modules/pending/discord_game_utils-1.zip: 75%
2023-09-10T02:39:20.736Z [Modules] Streaming discord_game_utils@1 to /home/sshep/.config/discord/0.0.29/modules/pending/discord_game_utils-1.zip: 77%
2023-09-10T02:39:20.741Z [Modules] Streaming discord_game_utils@1 to /home/sshep/.config/discord/0.0.29/modules/pending/discord_game_utils-1.zip: 79%
2023-09-10T02:39:20.745Z [Modules] Streaming discord_game_utils@1 to /home/sshep/.config/discord/0.0.29/modules/pending/discord_game_utils-1.zip: 81%
2023-09-10T02:39:20.749Z [Modules] Streaming discord_game_utils@1 to /home/sshep/.config/discord/0.0.29/modules/pending/discord_game_utils-1.zip: 83%
2023-09-10T02:39:20.753Z [Modules] Streaming discord_game_utils@1 to /home/sshep/.config/discord/0.0.29/modules/pending/discord_game_utils-1.zip: 85%
2023-09-10T02:39:20.757Z [Modules] Streaming discord_game_utils@1 to /home/sshep/.config/discord/0.0.29/modules/pending/discord_game_utils-1.zip: 87%
2023-09-10T02:39:20.761Z [Modules] Streaming discord_game_utils@1 to /home/sshep/.config/discord/0.0.29/modules/pending/discord_game_utils-1.zip: 88%
2023-09-10T02:39:20.764Z [Modules] Streaming discord_game_utils@1 to /home/sshep/.config/discord/0.0.29/modules/pending/discord_game_utils-1.zip: 90%
2023-09-10T02:39:20.767Z [Modules] Streaming discord_game_utils@1 to /home/sshep/.config/discord/0.0.29/modules/pending/discord_game_utils-1.zip: 91%
2023-09-10T02:39:20.770Z [Modules] Streaming discord_game_utils@1 to /home/sshep/.config/discord/0.0.29/modules/pending/discord_game_utils-1.zip: 92%
2023-09-10T02:39:20.773Z [Modules] Streaming discord_game_utils@1 to /home/sshep/.config/discord/0.0.29/modules/pending/discord_game_utils-1.zip: 94%
2023-09-10T02:39:20.776Z [Modules] Streaming discord_game_utils@1 to /home/sshep/.config/discord/0.0.29/modules/pending/discord_game_utils-1.zip: 95%
2023-09-10T02:39:20.778Z [Modules] Streaming discord_game_utils@1 to /home/sshep/.config/discord/0.0.29/modules/pending/discord_game_utils-1.zip: 96%
2023-09-10T02:39:20.781Z [Modules] Streaming discord_game_utils@1 to /home/sshep/.config/discord/0.0.29/modules/pending/discord_game_utils-1.zip: 98%
2023-09-10T02:39:20.784Z [Modules] Streaming discord_game_utils@1 to /home/sshep/.config/discord/0.0.29/modules/pending/discord_game_utils-1.zip: 99%
2023-09-10T02:39:20.785Z [Modules] Streaming discord_game_utils@1 to /home/sshep/.config/discord/0.0.29/modules/pending/discord_game_utils-1.zip: 100%
2023-09-10T02:39:20.786Z [Modules] Fetching discord_rpc@1 from https://discord.com/api/modules/stable/discord_rpc/1
2023-09-10T02:39:20.786Z [Modules] Streaming discord_rpc@1 to /home/sshep/.config/discord/0.0.29/modules/pending/discord_rpc-1.zip
2023-09-10T02:39:20.874Z [Modules] Streaming discord_rpc@1 to /home/sshep/.config/discord/0.0.29/modules/pending/discord_rpc-1.zip: 100%
2023-09-10T02:39:20.876Z [Modules] Finished module downloads. [success: 3] [failure: 0]
2023-09-10T02:39:21.215Z [Modules] Installing discord_game_utils@1 from /home/sshep/.config/discord/0.0.29/modules/pending/discord_game_utils-1.zip
2023-09-10T02:39:21.323Z [Modules] Installing discord_rpc@1 from /home/sshep/.config/discord/0.0.29/modules/pending/discord_rpc-1.zip
2023-09-10T02:39:21.351Z [Modules] Finished module installations. [success: 3] [failure: 0]
